<?xml version="1.0" encoding="UTF-8"?>
<!-- Generated by org.testng.reporters.JUnitReportReporter -->
<testsuite hostname="user-PC" name="com.ch.tbc.tests.NoSearchResultPageTest" tests="1" failures="0" timestamp="19 Jul 2016 13:39:44 GMT" time="317.662" errors="0">
  <testcase name="verifyNoSearchResultTest" time="317.662" classname="com.ch.tbc.tests.NoSearchResultPageTest"/>
</testsuite> <!-- com.ch.tbc.tests.NoSearchResultPageTest -->
