<?xml version="1.0" encoding="UTF-8"?>
<!-- Generated by org.testng.reporters.JUnitReportReporter -->
<testsuite hostname="abhishek" name="com.ch.tbc.tabletTest.TabletTrailerTireFilterTest" tests="1" failures="0" timestamp="13 Jan 2017 07:47:14 GMT" time="379.207" errors="0">
  <testcase name="filterLabelsByVehicle" time="379.207" classname="com.ch.tbc.tabletTest.TabletTrailerTireFilterTest"/>
</testsuite> <!-- com.ch.tbc.tabletTest.TabletTrailerTireFilterTest -->
