<?xml version="1.0" encoding="UTF-8"?>
<!-- Generated by org.testng.reporters.JUnitReportReporter -->
<testsuite hostname="abhishek" name="com.ch.tbc.tests.TrailerTireLinesListingTest" tests="1" failures="0" timestamp="13 Jan 2017 07:31:41 GMT" time="202.576" errors="0">
  <testcase name="trailerTiresLinesListing" time="202.576" classname="com.ch.tbc.tests.TrailerTireLinesListingTest"/>
</testsuite> <!-- com.ch.tbc.tests.TrailerTireLinesListingTest -->
