<?xml version="1.0" encoding="UTF-8"?>
<!-- Generated by org.testng.reporters.JUnitReportReporter -->
<testsuite hostname="abhishek" name="com.ch.tbc.tabletTest.BrowseAndShopListingPageTabletTest" tests="9" failures="0" timestamp="11 Jan 2017 11:33:38 GMT" time="1353.186" errors="0">
  <testcase name="verifyBatterylistingPageTest" time="176.711" classname="com.ch.tbc.tabletTest.BrowseAndShopListingPageTabletTest"/>
  <testcase name="verifyWheelAlignmentlistingPageTest" time="124.168" classname="com.ch.tbc.tabletTest.BrowseAndShopListingPageTabletTest"/>
  <testcase name="verifyOilServiceslistingPageTest" time="110.428" classname="com.ch.tbc.tabletTest.BrowseAndShopListingPageTabletTest"/>
  <testcase name="verifyRecreationalTralierTiresTest" time="104.243" classname="com.ch.tbc.tabletTest.BrowseAndShopListingPageTabletTest"/>
  <testcase name="verifyTirelistingPageTest" time="221.883" classname="com.ch.tbc.tabletTest.BrowseAndShopListingPageTabletTest"/>
  <testcase name="verifySignedInWpierBladelistingPageTest" time="127.094" classname="com.ch.tbc.tabletTest.BrowseAndShopListingPageTabletTest"/>
  <testcase name="verifyGuestUserTirelistingPageTest" time="236.352" classname="com.ch.tbc.tabletTest.BrowseAndShopListingPageTabletTest"/>
  <testcase name="verifyWpierBladelistingPageTest" time="119.982" classname="com.ch.tbc.tabletTest.BrowseAndShopListingPageTabletTest"/>
  <testcase name="verifynicknamelinkPageTest" time="132.325" classname="com.ch.tbc.tabletTest.BrowseAndShopListingPageTabletTest"/>
</testsuite> <!-- com.ch.tbc.tabletTest.BrowseAndShopListingPageTabletTest -->
