<?xml version="1.0" encoding="UTF-8"?>
<!-- Generated by org.testng.reporters.JUnitReportReporter -->
<testsuite skipped="0" hostname="DESKTOP-KEO17GQ" name="com.ch.ta.desktopTests.CarbarTest" tests="1" failures="0" timestamp="18 Jan 2018 11:24:47 GMT" time="23.200" errors="0">
  <testcase name="verifyWithSelectedVehicle" time="23.200" classname="com.ch.ta.desktopTests.CarbarTest"/>
</testsuite> <!-- com.ch.ta.desktopTests.CarbarTest -->
