<?xml version="1.0" encoding="UTF-8"?>
<!-- Generated by org.testng.reporters.JUnitReportReporter -->
<testsuite hostname="user-PC" name="com.ch.tbc.tests.YourStoreConfirmationTest" tests="7" failures="0" timestamp="2 Sep 2016 07:24:42 GMT" time="1847.591" errors="0">
  <testcase name="findAnotherStoreStoreConf" time="269.248" classname="com.ch.tbc.tests.YourStoreConfirmationTest"/>
  <testcase name="storeConfmStaticText" time="224.077" classname="com.ch.tbc.tests.YourStoreConfirmationTest"/>
  <testcase name="storeConfmStoreLabel" time="265.255" classname="com.ch.tbc.tests.YourStoreConfirmationTest"/>
  <testcase name="storeLocatorBreadcrumb" time="274.380" classname="com.ch.tbc.tests.YourStoreConfirmationTest"/>
  <testcase name="doneStoreStoreConf" time="272.208" classname="com.ch.tbc.tests.YourStoreConfirmationTest"/>
  <testcase name="statusSteps" time="281.613" classname="com.ch.tbc.tests.YourStoreConfirmationTest"/>
  <testcase name="storeConfmImage" time="260.810" classname="com.ch.tbc.tests.YourStoreConfirmationTest"/>
</testsuite> <!-- com.ch.tbc.tests.YourStoreConfirmationTest -->
