<?xml version="1.0" encoding="UTF-8"?>
<!-- Generated by org.testng.reporters.JUnitReportReporter -->
<testsuite hostname="abhishek" name="com.ch.tbc.testsMobile.MobileTrailerTireLinesListingTest" tests="1" failures="0" timestamp="13 Jan 2017 07:23:04 GMT" time="380.277" errors="0">
  <testcase name="tiresLinesListing" time="380.277" classname="com.ch.tbc.testsMobile.MobileTrailerTireLinesListingTest"/>
</testsuite> <!-- com.ch.tbc.testsMobile.MobileTrailerTireLinesListingTest -->
