<?xml version="1.0" encoding="UTF-8"?>
<!-- Generated by org.testng.reporters.JUnitReportReporter -->
<testsuite hostname="user-PC" name="com.ch.tbc.tests.AboutYouTest" tests="7" failures="0" timestamp="1 Sep 2016 10:53:44 GMT" time="1574.017" errors="0">
  <testcase name="createAccountBreadcrumb" time="146.545" classname="com.ch.tbc.tests.AboutYouTest"/>
  <testcase name="textBoxLabels" time="163.958" classname="com.ch.tbc.tests.AboutYouTest"/>
  <testcase name="statusSteps" time="90.603" classname="com.ch.tbc.tests.AboutYouTest"/>
  <testcase name="passwordStrength" time="155.249" classname="com.ch.tbc.tests.AboutYouTest"/>
  <testcase name="nextButton" time="253.414" classname="com.ch.tbc.tests.AboutYouTest"/>
  <testcase name="invalidAboutYou" time="647.460" classname="com.ch.tbc.tests.AboutYouTest"/>
  <testcase name="cancelPopUp" time="116.788" classname="com.ch.tbc.tests.AboutYouTest"/>
</testsuite> <!-- com.ch.tbc.tests.AboutYouTest -->
