<?xml version="1.0" encoding="UTF-8"?>
<!-- Generated by org.testng.reporters.JUnitReportReporter -->
<testsuite hostname="user-PC" name="com.ch.tbc.tests.YourVehicleTest" tests="10" failures="0" timestamp="1 Sep 2016 12:01:04 GMT" time="2172.527" errors="0">
  <testcase name="verifyINVaildMYMSectionTest" time="266.687" classname="com.ch.tbc.tests.YourVehicleTest"/>
  <testcase name="statusSteps" time="185.730" classname="com.ch.tbc.tests.YourVehicleTest"/>
  <testcase name="verifyValidMYMSectionTest" time="236.057" classname="com.ch.tbc.tests.YourVehicleTest"/>
  <testcase name="skipThisStepLink" time="248.059" classname="com.ch.tbc.tests.YourVehicleTest"/>
  <testcase name="createAccountBreadcrumb" time="197.285" classname="com.ch.tbc.tests.YourVehicleTest"/>
  <testcase name="verifyMyGarageLabelAndPlaceHolderTest" time="224.416" classname="com.ch.tbc.tests.YourVehicleTest"/>
  <testcase name="clickNextButtonTest" time="194.499" classname="com.ch.tbc.tests.YourVehicleTest"/>
  <testcase name="typeMYMValuesTest" time="294.435" classname="com.ch.tbc.tests.YourVehicleTest"/>
  <testcase name="verifyThreeValuesMYMTest" time="211.354" classname="com.ch.tbc.tests.YourVehicleTest"/>
  <testcase name="verifyCancelButtonTest" time="114.005" classname="com.ch.tbc.tests.YourVehicleTest"/>
</testsuite> <!-- com.ch.tbc.tests.YourVehicleTest -->
