<?xml version="1.0" encoding="UTF-8"?>
<!-- Generated by org.testng.reporters.JUnitReportReporter -->
<testsuite hostname="abhishek" name="com.ch.tbc.tests.SKUDetailTest" tests="5" failures="0" timestamp="16 Feb 2017 08:55:38 GMT" time="715.676" errors="0">
  <testcase name="isWiperBlades" time="154.623" classname="com.ch.tbc.tests.SKUDetailTest"/>
  <testcase name="isWheelAlignment" time="130.513" classname="com.ch.tbc.tests.SKUDetailTest"/>
  <testcase name="isOilService" time="149.081" classname="com.ch.tbc.tests.SKUDetailTest"/>
  <testcase name="isTiresSKUDetailTest" time="129.531" classname="com.ch.tbc.tests.SKUDetailTest"/>
  <testcase name="isBatteries" time="151.928" classname="com.ch.tbc.tests.SKUDetailTest"/>
</testsuite> <!-- com.ch.tbc.tests.SKUDetailTest -->
