<?xml version="1.0" encoding="UTF-8"?>
<!-- Generated by org.testng.reporters.JUnitReportReporter -->
<testsuite hostname="user-PC" name="com.ch.tbc.tests.YourVehicleOptionalTest" tests="9" failures="0" timestamp="1 Sep 2016 14:00:21 GMT" time="2353.846" errors="0">
  <testcase name="statusSteps" time="271.464" classname="com.ch.tbc.tests.YourVehicleOptionalTest"/>
  <testcase name="verifyEditModelTest" time="78.241" classname="com.ch.tbc.tests.YourVehicleOptionalTest"/>
  <testcase name="isColorChangeTest" time="266.085" classname="com.ch.tbc.tests.YourVehicleOptionalTest"/>
  <testcase name="typeDataInEditBoxTest" time="237.576" classname="com.ch.tbc.tests.YourVehicleOptionalTest"/>
  <testcase name="verifySaveVehicleButtonTest" time="62.890" classname="com.ch.tbc.tests.YourVehicleOptionalTest"/>
  <testcase name="verifyAddCustomizeSizeTest" time="618.055" classname="com.ch.tbc.tests.YourVehicleOptionalTest"/>
  <testcase name="verifyWhereMyTireSizeTest" time="182.654" classname="com.ch.tbc.tests.YourVehicleOptionalTest"/>
  <testcase name="selectValuesFromDropDownTest" time="351.582" classname="com.ch.tbc.tests.YourVehicleOptionalTest"/>
  <testcase name="skipThisStepLink" time="285.299" classname="com.ch.tbc.tests.YourVehicleOptionalTest"/>
</testsuite> <!-- com.ch.tbc.tests.YourVehicleOptionalTest -->
