<?xml version="1.0" encoding="UTF-8"?>
<!-- Generated by org.testng.reporters.JUnitReportReporter -->
<testsuite hostname="abhishek" name="com.ch.tbc.tests.DealsDetailsTest" tests="9" failures="0" timestamp="3 Jan 2017 11:35:22 GMT" time="998.809" errors="0">
  <testcase name="isTermsandConditionTest" time="104.968" classname="com.ch.tbc.tests.DealsDetailsTest"/>
  <testcase name="isDealsDetailsMoreDealsTest" time="81.858" classname="com.ch.tbc.tests.DealsDetailsTest"/>
  <testcase name="clickPrintOfferLinkTest" time="117.968" classname="com.ch.tbc.tests.DealsDetailsTest"/>
  <testcase name="clickDealsDetailsViewAllTest" time="99.689" classname="com.ch.tbc.tests.DealsDetailsTest"/>
  <testcase name="isPrintOfferLinkTest" time="135.282" classname="com.ch.tbc.tests.DealsDetailsTest"/>
  <testcase name="isDealsDetailsHeroImageTest" time="113.359" classname="com.ch.tbc.tests.DealsDetailsTest"/>
  <testcase name="isPrintIconTest" time="133.405" classname="com.ch.tbc.tests.DealsDetailsTest"/>
  <testcase name="isDealsDetailsAndStaticTestTest" time="91.806" classname="com.ch.tbc.tests.DealsDetailsTest"/>
  <testcase name="isDealsDetailsEligibleTiresButtonTest" time="120.474" classname="com.ch.tbc.tests.DealsDetailsTest"/>
</testsuite> <!-- com.ch.tbc.tests.DealsDetailsTest -->
