<?xml version="1.0" encoding="UTF-8"?>
<!-- Generated by org.testng.reporters.JUnitReportReporter -->
<testsuite hostname="abhishek" name="com.ch.tbc.tabletTest.TabletMyGarageVehicleListingTest" tests="14" failures="0" timestamp="10 Jan 2017 05:51:59 GMT" time="1302.595" errors="0">
  <testcase name="bookAppointmentVehicleListing" time="98.209" classname="com.ch.tbc.tabletTest.TabletMyGarageVehicleListingTest"/>
  <testcase name="noVideoSection" time="81.229" classname="com.ch.tbc.tabletTest.TabletMyGarageVehicleListingTest"/>
  <testcase name="vehicleCartNumberVehicleListing" time="95.524" classname="com.ch.tbc.tabletTest.TabletMyGarageVehicleListingTest"/>
  <testcase name="leftChevron" time="131.671" classname="com.ch.tbc.tabletTest.TabletMyGarageVehicleListingTest"/>
  <testcase name="makeActiveLinkVehicleListing" time="126.444" classname="com.ch.tbc.tabletTest.TabletMyGarageVehicleListingTest"/>
  <testcase name="rightChevron" time="104.359" classname="com.ch.tbc.tabletTest.TabletMyGarageVehicleListingTest"/>
  <testcase name="pageIndicator" time="98.598" classname="com.ch.tbc.tabletTest.TabletMyGarageVehicleListingTest"/>
  <testcase name="vehicleCartLinkVehicleListing" time="97.396" classname="com.ch.tbc.tabletTest.TabletMyGarageVehicleListingTest"/>
  <testcase name="manageAppointmentVehicleListing" time="100.656" classname="com.ch.tbc.tabletTest.TabletMyGarageVehicleListingTest"/>
  <testcase name="vehicleInformationVehicleListing" time="92.543" classname="com.ch.tbc.tabletTest.TabletMyGarageVehicleListingTest"/>
  <testcase name="reccomendedServicesVehicleListing" time="90.140" classname="com.ch.tbc.tabletTest.TabletMyGarageVehicleListingTest"/>
  <testcase name="howToUseGarageLink" time="100.676" classname="com.ch.tbc.tabletTest.TabletMyGarageVehicleListingTest"/>
  <testcase name="myGarageStaticText" time="40.823" classname="com.ch.tbc.tabletTest.TabletMyGarageVehicleListingTest"/>
  <testcase name="myGarageLabel" time="44.327" classname="com.ch.tbc.tabletTest.TabletMyGarageVehicleListingTest"/>
</testsuite> <!-- com.ch.tbc.tabletTest.TabletMyGarageVehicleListingTest -->
