<?xml version="1.0" encoding="UTF-8"?>
<!-- Generated by org.testng.reporters.JUnitReportReporter -->
<testsuite hostname="abhishek" name="com.ch.tbc.tests.MyGarageVehicleDetailsTest" tests="17" failures="0" timestamp="11 Jan 2017 05:42:23 GMT" time="1698.531" errors="0">
  <testcase name="recommendedServicesMileageTextbox" time="117.895" classname="com.ch.tbc.tests.MyGarageVehicleDetailsTest"/>
  <testcase name="bookAppointmentLink" time="87.810" classname="com.ch.tbc.tests.MyGarageVehicleDetailsTest"/>
  <testcase name="vehicleInformationLabels" time="98.901" classname="com.ch.tbc.tests.MyGarageVehicleDetailsTest"/>
  <testcase name="myGarageVehicleDetailsBreadcrumb" time="107.567" classname="com.ch.tbc.tests.MyGarageVehicleDetailsTest"/>
  <testcase name="vehicleCartLink" time="106.766" classname="com.ch.tbc.tests.MyGarageVehicleDetailsTest"/>
  <testcase name="staticTextRecommendedServices" time="94.845" classname="com.ch.tbc.tests.MyGarageVehicleDetailsTest"/>
  <testcase name="isCarNickname" time="107.682" classname="com.ch.tbc.tests.MyGarageVehicleDetailsTest"/>
  <testcase name="recommendedServicesRequestLink" time="96.584" classname="com.ch.tbc.tests.MyGarageVehicleDetailsTest"/>
  <testcase name="recommendedServicesToolTip" time="102.015" classname="com.ch.tbc.tests.MyGarageVehicleDetailsTest"/>
  <testcase name="makeActiveLink" time="75.592" classname="com.ch.tbc.tests.MyGarageVehicleDetailsTest"/>
  <testcase name="clickMyGarageLink" time="88.475" classname="com.ch.tbc.tests.MyGarageVehicleDetailsTest"/>
  <testcase name="recommendedServicesLabels" time="104.013" classname="com.ch.tbc.tests.MyGarageVehicleDetailsTest"/>
  <testcase name="recommendedServicesConditionButtons" time="103.033" classname="com.ch.tbc.tests.MyGarageVehicleDetailsTest"/>
  <testcase name="vehicleInformationLink" time="82.395" classname="com.ch.tbc.tests.MyGarageVehicleDetailsTest"/>
  <testcase name="manageAppointmentsDetails" time="107.408" classname="com.ch.tbc.tests.MyGarageVehicleDetailsTest"/>
  <testcase name="recommendedServicesLink" time="110.009" classname="com.ch.tbc.tests.MyGarageVehicleDetailsTest"/>
  <testcase name="manageAppointmentsLink" time="107.541" classname="com.ch.tbc.tests.MyGarageVehicleDetailsTest"/>
</testsuite> <!-- com.ch.tbc.tests.MyGarageVehicleDetailsTest -->
