<?xml version="1.0" encoding="UTF-8"?>
<!-- Generated by org.testng.reporters.JUnitReportReporter -->
<testsuite hostname="abhishek" name="com.ch.tbc.testsMobile.MobileDealsOnlineSpeicalPageTest" tests="4" failures="0" timestamp="3 Jan 2017 11:35:22 GMT" time="1115.641" errors="0">
  <testcase name="isTermsandConditionTest" time="461.647" classname="com.ch.tbc.testsMobile.MobileDealsOnlineSpeicalPageTest"/>
  <testcase name="isDealsDetailsOnlineSpecialHeroImageTest" time="299.590" classname="com.ch.tbc.testsMobile.MobileDealsOnlineSpeicalPageTest"/>
  <testcase name="onlineSpecialShopAndSchedTest" time="145.312" classname="com.ch.tbc.testsMobile.MobileDealsOnlineSpeicalPageTest"/>
  <testcase name="isDealsDetailsOnlineSpecialStaticTextTest" time="209.092" classname="com.ch.tbc.testsMobile.MobileDealsOnlineSpeicalPageTest"/>
</testsuite> <!-- com.ch.tbc.testsMobile.MobileDealsOnlineSpeicalPageTest -->
