<?xml version="1.0" encoding="UTF-8"?>
<!-- Generated by org.testng.reporters.JUnitReportReporter -->
<testsuite hostname="user-PC" name="com.ch.tbc.tests.CreateAccountTest" tests="10" failures="0" timestamp="1 Sep 2016 09:38:26 GMT" time="1322.220" errors="0">
  <testcase name="twitterIcon" time="115.703" classname="com.ch.tbc.tests.CreateAccountTest"/>
  <testcase name="staticTextSignIn" time="113.511" classname="com.ch.tbc.tests.CreateAccountTest"/>
  <testcase name="facebookIcon" time="142.089" classname="com.ch.tbc.tests.CreateAccountTest"/>
  <testcase name="createAccountRegisterButton" time="154.293" classname="com.ch.tbc.tests.CreateAccountTest"/>
  <testcase name="aOLIcon" time="110.419" classname="com.ch.tbc.tests.CreateAccountTest"/>
  <testcase name="linkedInIcon" time="113.035" classname="com.ch.tbc.tests.CreateAccountTest"/>
  <testcase name="googlePlusIcon" time="151.694" classname="com.ch.tbc.tests.CreateAccountTest"/>
  <testcase name="createAccountStaticText" time="74.674" classname="com.ch.tbc.tests.CreateAccountTest"/>
  <testcase name="yahooIcon" time="113.766" classname="com.ch.tbc.tests.CreateAccountTest"/>
  <testcase name="createAccountBreadcrumb" time="233.036" classname="com.ch.tbc.tests.CreateAccountTest"/>
</testsuite> <!-- com.ch.tbc.tests.CreateAccountTest -->
