<?xml version="1.0" encoding="UTF-8"?>
<!-- Generated by org.testng.reporters.JUnitReportReporter -->
<testsuite hostname="User-PC" name="com.ch.tbc.tests.BookAppointmentPageTest" tests="1" failures="0" timestamp="27 Sep 2016 06:59:59 GMT" time="381.087" errors="0">
  <testcase name="clickOnEditContactInfoTest" time="381.087" classname="com.ch.tbc.tests.BookAppointmentPageTest"/>
</testsuite> <!-- com.ch.tbc.tests.BookAppointmentPageTest -->
