<?xml version="1.0" encoding="UTF-8"?>
<!-- Generated by org.testng.reporters.JUnitReportReporter -->
<testsuite hostname="abhishek" name="com.ch.tbc.tests.DealsPageTest" tests="15" failures="0" timestamp="13 Feb 2017 07:53:04 GMT" time="1198.926" errors="0">
  <testcase name="clickDealsInFooterTest" time="98.340" classname="com.ch.tbc.tests.DealsPageTest"/>
  <testcase name="clickLowestTireLearnMoreTest" time="84.635" classname="com.ch.tbc.tests.DealsPageTest"/>
  <testcase name="mouserHoverTermsandCond" time="64.926" classname="com.ch.tbc.tests.DealsPageTest"/>
  <testcase name="isLowestTirePriceTest" time="70.326" classname="com.ch.tbc.tests.DealsPageTest"/>
  <testcase name="clickAnyDealsTest" time="101.517" classname="com.ch.tbc.tests.DealsPageTest"/>
  <testcase name="isNationalDealsTest" time="88.501" classname="com.ch.tbc.tests.DealsPageTest"/>
  <testcase name="isCarouselDotTest" time="74.556" classname="com.ch.tbc.tests.DealsPageTest"/>
  <testcase name="veryCategoriesDealsAndClickTest" time="67.031" classname="com.ch.tbc.tests.DealsPageTest"/>
  <testcase name="clicktHeroImageCarouselTest" time="93.921" classname="com.ch.tbc.tests.DealsPageTest"/>
  <testcase name="clickDealsInHeaderTest" time="79.836" classname="com.ch.tbc.tests.DealsPageTest"/>
  <testcase name="verifyDealsBreadCrumbTest" time="110.438" classname="com.ch.tbc.tests.DealsPageTest"/>
  <testcase name="isSpeicalFinancingTest" time="65.971" classname="com.ch.tbc.tests.DealsPageTest"/>
  <testcase name="verifyHeroImageAndClickTest" time="67.609" classname="com.ch.tbc.tests.DealsPageTest"/>
  <testcase name="isAllTabDefaultTest" time="59.773" classname="com.ch.tbc.tests.DealsPageTest"/>
  <testcase name="isStickyHeaderTest" time="71.546" classname="com.ch.tbc.tests.DealsPageTest"/>
</testsuite> <!-- com.ch.tbc.tests.DealsPageTest -->
