<?xml version="1.0" encoding="UTF-8"?>
<!-- Generated by org.testng.reporters.JUnitReportReporter -->
<testsuite hostname="abhishek" name="com.ch.tbc.tests.DynamicVehicleSelectorPageTest" tests="1" failures="0" timestamp="23 Feb 2017 09:26:04 GMT" time="101.682" errors="0">
  <testcase name="verifyUpdatedVehicleWheelAlignTest" time="101.682" classname="com.ch.tbc.tests.DynamicVehicleSelectorPageTest"/>
</testsuite> <!-- com.ch.tbc.tests.DynamicVehicleSelectorPageTest -->
