<?xml version="1.0" encoding="UTF-8"?>
<!-- Generated by org.testng.reporters.JUnitReportReporter -->
<testsuite hostname="abhishek" name="com.ch.tbc.testsMobile.MobileSKUDetailsTest" tests="6" failures="0" timestamp="3 Jan 2017 10:55:57 GMT" time="779.313" errors="0">
  <testcase name="isBatteries" time="132.335" classname="com.ch.tbc.testsMobile.MobileSKUDetailsTest"/>
  <testcase name="isWiperBlades" time="133.433" classname="com.ch.tbc.testsMobile.MobileSKUDetailsTest"/>
  <testcase name="isTires" time="100.682" classname="com.ch.tbc.testsMobile.MobileSKUDetailsTest"/>
  <testcase name="isWheelAlignmnet" time="121.195" classname="com.ch.tbc.testsMobile.MobileSKUDetailsTest"/>
  <testcase name="isOilChanges" time="137.480" classname="com.ch.tbc.testsMobile.MobileSKUDetailsTest"/>
  <testcase name="verifyNoPrincing" time="154.188" classname="com.ch.tbc.testsMobile.MobileSKUDetailsTest"/>
</testsuite> <!-- com.ch.tbc.testsMobile.MobileSKUDetailsTest -->
