<?xml version="1.0" encoding="UTF-8"?>
<!-- Generated by org.testng.reporters.JUnitReportReporter -->
<testsuite hostname="abhishek" name="com.ch.tbc.testsMobile.MobileDynamicVehicleSelectorPageTest" tests="1" failures="0" timestamp="23 Feb 2017 09:22:45 GMT" time="164.430" errors="0">
  <testcase name="verifyUpdatedVehicleTireSizeTest" time="164.430" classname="com.ch.tbc.testsMobile.MobileDynamicVehicleSelectorPageTest"/>
</testsuite> <!-- com.ch.tbc.testsMobile.MobileDynamicVehicleSelectorPageTest -->
