<?xml version="1.0" encoding="UTF-8"?>
<!-- Generated by org.testng.reporters.JUnitReportReporter -->
<testsuite hostname="abhishek" name="com.ch.tbc.tests.DealsMailInRebatePageTest" tests="8" failures="0" timestamp="3 Jan 2017 11:35:22 GMT" time="1246.680" errors="0">
  <testcase name="clickDealsmailInRebateMoreDealsImageTest" time="110.961" classname="com.ch.tbc.tests.DealsMailInRebatePageTest"/>
  <testcase name="isDealsMailInRebateSpecialStaticTextTest" time="156.271" classname="com.ch.tbc.tests.DealsMailInRebatePageTest"/>
  <testcase name="isPrintOfferLinkTest" time="140.730" classname="com.ch.tbc.tests.DealsMailInRebatePageTest"/>
  <testcase name="mailInRebateShopAndSchedTest" time="155.642" classname="com.ch.tbc.tests.DealsMailInRebatePageTest"/>
  <testcase name="isTermsandConditionTest" time="123.423" classname="com.ch.tbc.tests.DealsMailInRebatePageTest"/>
  <testcase name="clickDealsmailInRebateMoreDealsViewTest" time="146.845" classname="com.ch.tbc.tests.DealsMailInRebatePageTest"/>
  <testcase name="isDealsMailInRebateSpecialHeroImageTest" time="257.821" classname="com.ch.tbc.tests.DealsMailInRebatePageTest"/>
  <testcase name="isDealsMailInRebateSpecialMoreDealsTest" time="154.987" classname="com.ch.tbc.tests.DealsMailInRebatePageTest"/>
</testsuite> <!-- com.ch.tbc.tests.DealsMailInRebatePageTest -->
