<?xml version="1.0" encoding="UTF-8"?>
<!-- Generated by org.testng.reporters.JUnitReportReporter -->
<testsuite hostname="abhishek" name="com.ch.tbc.tabletTest.DealsMailInRebatePageTabletTest" tests="8" failures="0" timestamp="3 Jan 2017 11:35:22 GMT" time="932.265" errors="0">
  <testcase name="isDealsMailInRebateSpecialMoreDealsTest" time="103.243" classname="com.ch.tbc.tabletTest.DealsMailInRebatePageTabletTest"/>
  <testcase name="isPrintOfferLinkTest" time="144.368" classname="com.ch.tbc.tabletTest.DealsMailInRebatePageTabletTest"/>
  <testcase name="clickDealsmailInRebateMoreDealsImageTest" time="100.081" classname="com.ch.tbc.tabletTest.DealsMailInRebatePageTabletTest"/>
  <testcase name="isTermsandConditionTest" time="112.331" classname="com.ch.tbc.tabletTest.DealsMailInRebatePageTabletTest"/>
  <testcase name="mailInRebateShopAndSchedTest" time="123.820" classname="com.ch.tbc.tabletTest.DealsMailInRebatePageTabletTest"/>
  <testcase name="isDealsMailInRebateSpecialHeroImageTest" time="99.361" classname="com.ch.tbc.tabletTest.DealsMailInRebatePageTabletTest"/>
  <testcase name="clickDealsmailInRebateMoreDealsViewTest" time="137.327" classname="com.ch.tbc.tabletTest.DealsMailInRebatePageTabletTest"/>
  <testcase name="isDealsMailInRebateSpecialStaticTextTest" time="111.734" classname="com.ch.tbc.tabletTest.DealsMailInRebatePageTabletTest"/>
</testsuite> <!-- com.ch.tbc.tabletTest.DealsMailInRebatePageTabletTest -->
