<?xml version="1.0" encoding="UTF-8"?>
<!-- Generated by org.testng.reporters.JUnitReportReporter -->
<testsuite hostname="abhishek" name="com.ch.tbc.testsMobile.DealsMobileTest" tests="14" failures="0" timestamp="13 Feb 2017 07:53:04 GMT" time="1074.294" errors="0">
  <testcase name="isNationalDealsTest" time="90.880" classname="com.ch.tbc.testsMobile.DealsMobileTest"/>
  <testcase name="clickAnyDealsTest" time="74.881" classname="com.ch.tbc.testsMobile.DealsMobileTest"/>
  <testcase name="clickServiceTest" time="73.560" classname="com.ch.tbc.testsMobile.DealsMobileTest"/>
  <testcase name="clickTiresTest" time="72.635" classname="com.ch.tbc.testsMobile.DealsMobileTest"/>
  <testcase name="isSpecialCreditCardImage" time="75.355" classname="com.ch.tbc.testsMobile.DealsMobileTest"/>
  <testcase name="isCategoriesDealsTest" time="75.377" classname="com.ch.tbc.testsMobile.DealsMobileTest"/>
  <testcase name="isLowestTirePriceTest" time="73.974" classname="com.ch.tbc.testsMobile.DealsMobileTest"/>
  <testcase name="isAllTabDefaultTest" time="80.088" classname="com.ch.tbc.testsMobile.DealsMobileTest"/>
  <testcase name="verifyHeroImageTest" time="77.778" classname="com.ch.tbc.testsMobile.DealsMobileTest"/>
  <testcase name="isCarouselDotTest" time="85.264" classname="com.ch.tbc.testsMobile.DealsMobileTest"/>
  <testcase name="clickLowestTireLearnMoreTest" time="73.766" classname="com.ch.tbc.testsMobile.DealsMobileTest"/>
  <testcase name="isSpeicalFinancingTest" time="64.020" classname="com.ch.tbc.testsMobile.DealsMobileTest"/>
  <testcase name="mouserHoverTermsandCond" time="63.176" classname="com.ch.tbc.testsMobile.DealsMobileTest"/>
  <testcase name="clickDealsInHeaderTest" time="93.540" classname="com.ch.tbc.testsMobile.DealsMobileTest"/>
</testsuite> <!-- com.ch.tbc.testsMobile.DealsMobileTest -->
