<?xml version="1.0" encoding="UTF-8"?>
<!-- Generated by org.testng.reporters.JUnitReportReporter -->
<testsuite hostname="User-PC" name="com.ch.tbc.tests.FleetServicesTest" tests="6" failures="0" timestamp="13 Sep 2016 07:35:11 GMT" time="1046.140" errors="0">
  <testcase name="fleetServicesIcons" time="139.835" classname="com.ch.tbc.tests.FleetServicesTest"/>
  <testcase name="fleetServicesStaticText" time="164.558" classname="com.ch.tbc.tests.FleetServicesTest"/>
  <testcase name="fleetServicesBreadcrumb" time="221.674" classname="com.ch.tbc.tests.FleetServicesTest"/>
  <testcase name="fleetServicesLinks" time="206.225" classname="com.ch.tbc.tests.FleetServicesTest"/>
  <testcase name="fleetServicesBanner" time="132.782" classname="com.ch.tbc.tests.FleetServicesTest"/>
  <testcase name="fleetServicesTextBoxes" time="181.066" classname="com.ch.tbc.tests.FleetServicesTest"/>
</testsuite> <!-- com.ch.tbc.tests.FleetServicesTest -->
