<?xml version="1.0" encoding="UTF-8"?>
<!-- Generated by org.testng.reporters.JUnitReportReporter -->
<testsuite hostname="user-PC" name="com.ch.tbc.tabletTest.ContactUsTabletTest" tests="3" failures="0" timestamp="29 Jun 2016 20:48:29 GMT" time="206.181" errors="0">
  <testcase name="clickContactUsLink" time="77.692" classname="com.ch.tbc.tabletTest.ContactUsTabletTest"/>
  <testcase name="isHomePageContactUsLinkTest" time="72.270" classname="com.ch.tbc.tabletTest.ContactUsTabletTest"/>
  <testcase name="clickFooterContactUsTest" time="56.219" classname="com.ch.tbc.tabletTest.ContactUsTabletTest"/>
</testsuite> <!-- com.ch.tbc.tabletTest.ContactUsTabletTest -->
