<?xml version="1.0" encoding="UTF-8"?>
<!-- Generated by org.testng.reporters.JUnitReportReporter -->
<testsuite hostname="abhishek" name="com.ch.tbc.tests.TrailerTireFilterTest" tests="1" failures="0" timestamp="13 Jan 2017 07:47:14 GMT" time="242.639" errors="0">
  <testcase name="filterTrailerTire" time="242.639" classname="com.ch.tbc.tests.TrailerTireFilterTest"/>
</testsuite> <!-- com.ch.tbc.tests.TrailerTireFilterTest -->
