<?xml version="1.0" encoding="UTF-8"?>
<!-- Generated by org.testng.reporters.JUnitReportReporter -->
<testsuite hostname="abhishek" name="com.ch.tbc.tests.VehicleSelectorMYMTest" tests="1" failures="0" timestamp="6 Jan 2017 09:46:43 GMT" time="141.118" errors="0">
  <testcase name="verifyDOYouKnowLabelMYMSectionTest" time="141.118" classname="com.ch.tbc.tests.VehicleSelectorMYMTest"/>
</testsuite> <!-- com.ch.tbc.tests.VehicleSelectorMYMTest -->
