<?xml version="1.0" encoding="UTF-8"?>
<!-- Generated by org.testng.reporters.JUnitReportReporter -->
<testsuite hostname="user-PC" name="com.ch.tbc.testsMobile.MobileRecommendationsPageTest" tests="1" failures="0" timestamp="19 Jul 2016 13:33:41 GMT" time="255.124" errors="0">
  <testcase name="verifyProductNameTest" time="255.124" classname="com.ch.tbc.testsMobile.MobileRecommendationsPageTest"/>
</testsuite> <!-- com.ch.tbc.testsMobile.MobileRecommendationsPageTest -->
