<?xml version="1.0" encoding="UTF-8"?>
<!-- Generated by org.testng.reporters.JUnitReportReporter -->
<testsuite hostname="abhishek" name="com.ch.tbc.tabletTest.StorePageTabletTest" tests="23" failures="0" timestamp="23 Feb 2017 06:02:25 GMT" time="3894.822" errors="0">
  <testcase name="fromTextBoxGeolocationIcon" time="129.981" classname="com.ch.tbc.tabletTest.StorePageTabletTest"/>
  <testcase name="verifyStoreGetDirectionTest" time="102.564" classname="com.ch.tbc.tabletTest.StorePageTabletTest"/>
  <testcase name="isMyStoreLink" time="107.339" classname="com.ch.tbc.tabletTest.StorePageTabletTest"/>
  <testcase name="isStoreListingInfoTest" time="237.864" classname="com.ch.tbc.tabletTest.StorePageTabletTest"/>
  <testcase name="storePhoneNumber" time="92.382" classname="com.ch.tbc.tabletTest.StorePageTabletTest"/>
  <testcase name="getDirectioncloseLinkTest" time="128.354" classname="com.ch.tbc.tabletTest.StorePageTabletTest"/>
  <testcase name="clickViewStorePage" time="127.030" classname="com.ch.tbc.tabletTest.StorePageTabletTest"/>
  <testcase name="fromTextBoxPlaceHolderDisappearance" time="277.456" classname="com.ch.tbc.tabletTest.StorePageTabletTest"/>
  <testcase name="isAmenities" time="117.321" classname="com.ch.tbc.tabletTest.StorePageTabletTest"/>
  <testcase name="fromTextBoxPlaceHolderAppearance" time="131.011" classname="com.ch.tbc.tabletTest.StorePageTabletTest"/>
  <testcase name="verifyStoreGetDirectionSaticTextTest" time="93.601" classname="com.ch.tbc.tabletTest.StorePageTabletTest"/>
  <testcase name="getDirectionsLink" time="164.295" classname="com.ch.tbc.tabletTest.StorePageTabletTest"/>
  <testcase name="clickBookAppointment" time="107.438" classname="com.ch.tbc.tabletTest.StorePageTabletTest"/>
  <testcase name="isCloseLink" time="100.268" classname="com.ch.tbc.tabletTest.StorePageTabletTest"/>
  <testcase name="isHours" time="727.804" classname="com.ch.tbc.tabletTest.StorePageTabletTest"/>
  <testcase name="getAddressToFieldTest" time="264.895" classname="com.ch.tbc.tabletTest.StorePageTabletTest"/>
  <testcase name="clearTextintoAddressVerifyWatermarkTest" time="143.315" classname="com.ch.tbc.tabletTest.StorePageTabletTest"/>
  <testcase name="isServices" time="115.975" classname="com.ch.tbc.tabletTest.StorePageTabletTest"/>
  <testcase name="storeLinks" time="146.798" classname="com.ch.tbc.tabletTest.StorePageTabletTest"/>
  <testcase name="storeStreetAddressLink" time="98.260" classname="com.ch.tbc.tabletTest.StorePageTabletTest"/>
  <testcase name="clickStoreStreetLinkTest" time="272.804" classname="com.ch.tbc.tabletTest.StorePageTabletTest"/>
  <testcase name="clickShopTires" time="120.318" classname="com.ch.tbc.tabletTest.StorePageTabletTest"/>
  <testcase name="clickDeals" time="87.749" classname="com.ch.tbc.tabletTest.StorePageTabletTest"/>
</testsuite> <!-- com.ch.tbc.tabletTest.StorePageTabletTest -->
