<?xml version="1.0" encoding="UTF-8"?>
<!-- Generated by org.testng.reporters.JUnitReportReporter -->
<testsuite hostname="abhishek" name="com.ch.tbc.tabletTest.DealsTabletTest" tests="13" failures="0" timestamp="13 Feb 2017 07:53:04 GMT" time="1125.208" errors="0">
  <testcase name="isSpeicalFinancingTest" time="92.202" classname="com.ch.tbc.tabletTest.DealsTabletTest"/>
  <testcase name="clickServiceTest" time="79.604" classname="com.ch.tbc.tabletTest.DealsTabletTest"/>
  <testcase name="isCarouselDotTest" time="105.111" classname="com.ch.tbc.tabletTest.DealsTabletTest"/>
  <testcase name="clickAnyDealsTest" time="91.636" classname="com.ch.tbc.tabletTest.DealsTabletTest"/>
  <testcase name="isSpecialCreditCardImage" time="82.168" classname="com.ch.tbc.tabletTest.DealsTabletTest"/>
  <testcase name="verifyHeroImageTest" time="85.179" classname="com.ch.tbc.tabletTest.DealsTabletTest"/>
  <testcase name="clickDealsInHeaderTest" time="92.280" classname="com.ch.tbc.tabletTest.DealsTabletTest"/>
  <testcase name="isNationalDealsTest" time="95.496" classname="com.ch.tbc.tabletTest.DealsTabletTest"/>
  <testcase name="isAllTabDefaultTest" time="75.556" classname="com.ch.tbc.tabletTest.DealsTabletTest"/>
  <testcase name="clickTiresTest" time="70.910" classname="com.ch.tbc.tabletTest.DealsTabletTest"/>
  <testcase name="isCategoriesDealsTest" time="94.080" classname="com.ch.tbc.tabletTest.DealsTabletTest"/>
  <testcase name="isLowestTirePriceTest" time="69.298" classname="com.ch.tbc.tabletTest.DealsTabletTest"/>
  <testcase name="clickLowestTireLearnMoreTest" time="91.688" classname="com.ch.tbc.tabletTest.DealsTabletTest"/>
</testsuite> <!-- com.ch.tbc.tabletTest.DealsTabletTest -->
