<?xml version="1.0" encoding="UTF-8"?>
<!-- Generated by org.testng.reporters.JUnitReportReporter -->
<testsuite hostname="user-PC" name="com.ch.tbc.tests.SmokeTestingTest" tests="1" failures="0" timestamp="23 Aug 2016 07:59:33 GMT" time="563.032" errors="0">
  <testcase name="verifyBookAppGuestConfirmationWithVehicleTest" time="563.032" classname="com.ch.tbc.tests.SmokeTestingTest"/>
</testsuite> <!-- com.ch.tbc.tests.SmokeTestingTest -->
