<?xml version="1.0" encoding="UTF-8"?>
<!-- Generated by org.testng.reporters.JUnitReportReporter -->
<testsuite hostname="User-PC" name="com.ch.tbc.tests.AboutUsTest" tests="1" failures="0" timestamp="14 Sep 2016 11:08:53 GMT" time="269.830" errors="0">
  <testcase name="findAStore" time="269.830" classname="com.ch.tbc.tests.AboutUsTest"/>
</testsuite> <!-- com.ch.tbc.tests.AboutUsTest -->
