<?xml version="1.0" encoding="UTF-8"?>
<!-- Generated by org.testng.reporters.JUnitReportReporter -->
<testsuite hostname="User-PC" name="com.ch.tbc.tabletTest.TabletFleetServicesTest" tests="5" failures="0" timestamp="13 Sep 2016 09:55:22 GMT" time="798.086" errors="0">
  <testcase name="fleetServicesBanner" time="159.240" classname="com.ch.tbc.tabletTest.TabletFleetServicesTest"/>
  <testcase name="fleetServicesLinks" time="155.450" classname="com.ch.tbc.tabletTest.TabletFleetServicesTest"/>
  <testcase name="fleetServicesIcons" time="137.059" classname="com.ch.tbc.tabletTest.TabletFleetServicesTest"/>
  <testcase name="fleetServicesStaticText" time="172.908" classname="com.ch.tbc.tabletTest.TabletFleetServicesTest"/>
  <testcase name="fleetServicesTextBoxes" time="173.429" classname="com.ch.tbc.tabletTest.TabletFleetServicesTest"/>
</testsuite> <!-- com.ch.tbc.tabletTest.TabletFleetServicesTest -->
