<?xml version="1.0" encoding="UTF-8"?>
<!-- Generated by org.testng.reporters.JUnitReportReporter -->
<testsuite hostname="user-PC" name="com.ch.tbc.testsMobile.ContactUsMobileTest" tests="28" failures="0" timestamp="29 Jun 2016 20:48:29 GMT" time="2533.763" errors="0">
  <testcase name="verifyInternationalTest" time="64.221" classname="com.ch.tbc.testsMobile.ContactUsMobileTest"/>
  <testcase name="verifyWholesaleAccountInfoTest" time="179.228" classname="com.ch.tbc.testsMobile.ContactUsMobileTest"/>
  <testcase name="clickEmailWarrantyTest" time="94.299" classname="com.ch.tbc.testsMobile.ContactUsMobileTest"/>
  <testcase name="clickFooterContactUsTest" time="85.967" classname="com.ch.tbc.testsMobile.ContactUsMobileTest"/>
  <testcase name="verifySpeicalOrderTireTest" time="63.072" classname="com.ch.tbc.testsMobile.ContactUsMobileTest"/>
  <testcase name="clickReviewandPayTest" time="118.525" classname="com.ch.tbc.testsMobile.ContactUsMobileTest"/>
  <testcase name="verifyEmailWarrantyTest" time="157.859" classname="com.ch.tbc.testsMobile.ContactUsMobileTest"/>
  <testcase name="verifyTechWebIssueTest" time="77.587" classname="com.ch.tbc.testsMobile.ContactUsMobileTest"/>
  <testcase name="verifyReviewandPayTest" time="62.362" classname="com.ch.tbc.testsMobile.ContactUsMobileTest"/>
  <testcase name="clickEmailBusinessDevelopmentTest" time="111.299" classname="com.ch.tbc.testsMobile.ContactUsMobileTest"/>
  <testcase name="clickEmailTechSupportTest" time="89.674" classname="com.ch.tbc.testsMobile.ContactUsMobileTest"/>
  <testcase name="verifyEmailCustomerSupportTest" time="94.118" classname="com.ch.tbc.testsMobile.ContactUsMobileTest"/>
  <testcase name="verifyVistInternationalTest" time="78.840" classname="com.ch.tbc.testsMobile.ContactUsMobileTest"/>
  <testcase name="verifyEmailBusinessDevelopmentTest" time="83.681" classname="com.ch.tbc.testsMobile.ContactUsMobileTest"/>
  <testcase name="clickEmailOurTeamTest" time="84.549" classname="com.ch.tbc.testsMobile.ContactUsMobileTest"/>
  <testcase name="verifyEmailTechSupportTest" time="88.145" classname="com.ch.tbc.testsMobile.ContactUsMobileTest"/>
  <testcase name="verifyEmailWholesaleTeamTest" time="84.276" classname="com.ch.tbc.testsMobile.ContactUsMobileTest"/>
  <testcase name="verifyTalkToUsTest" time="82.419" classname="com.ch.tbc.testsMobile.ContactUsMobileTest"/>
  <testcase name="clickEmailCustomerSupportTest" time="111.562" classname="com.ch.tbc.testsMobile.ContactUsMobileTest"/>
  <testcase name="verifyWebShoppingTest" time="88.188" classname="com.ch.tbc.testsMobile.ContactUsMobileTest"/>
  <testcase name="verifyWarrantyQuestionTest" time="64.910" classname="com.ch.tbc.testsMobile.ContactUsMobileTest"/>
  <testcase name="verifyContactUsLabelTest" time="74.647" classname="com.ch.tbc.testsMobile.ContactUsMobileTest"/>
  <testcase name="clickEmailWholesaleTeamTest" time="59.078" classname="com.ch.tbc.testsMobile.ContactUsMobileTest"/>
  <testcase name="verifyStoreCreditInquirieTest" time="80.550" classname="com.ch.tbc.testsMobile.ContactUsMobileTest"/>
  <testcase name="verifyEmailOurTeamTest" time="64.585" classname="com.ch.tbc.testsMobile.ContactUsMobileTest"/>
  <testcase name="clickContactUsTest" time="77.987" classname="com.ch.tbc.testsMobile.ContactUsMobileTest"/>
  <testcase name="clickVistInternationalTest" time="102.120" classname="com.ch.tbc.testsMobile.ContactUsMobileTest"/>
  <testcase name="verifyFleetAndNationalAccountsTest" time="110.015" classname="com.ch.tbc.testsMobile.ContactUsMobileTest"/>
</testsuite> <!-- com.ch.tbc.testsMobile.ContactUsMobileTest -->
