<?xml version="1.0" encoding="UTF-8"?>
<!-- Generated by org.testng.reporters.JUnitReportReporter -->
<testsuite hostname="abhishek" name="com.ch.tbc.tests.MyGarageVehicleListingTest" tests="22" failures="0" timestamp="9 Jan 2017 11:43:57 GMT" time="3783.055" errors="0">
  <testcase name="manageAppointmentVehicleListing" time="147.585" classname="com.ch.tbc.tests.MyGarageVehicleListingTest"/>
  <testcase name="displayVehicleInfoVehicleListing" time="202.307" classname="com.ch.tbc.tests.MyGarageVehicleListingTest"/>
  <testcase name="vehicleCartLinkVehicleListing" time="133.062" classname="com.ch.tbc.tests.MyGarageVehicleListingTest"/>
  <testcase name="bookAppointmentVehicleListing" time="145.239" classname="com.ch.tbc.tests.MyGarageVehicleListingTest"/>
  <testcase name="howToUseGarageLink" time="173.842" classname="com.ch.tbc.tests.MyGarageVehicleListingTest"/>
  <testcase name="activeLabelVehicleListing" time="570.641" classname="com.ch.tbc.tests.MyGarageVehicleListingTest"/>
  <testcase name="vehicleCartNumberVehicleListing" time="137.216" classname="com.ch.tbc.tests.MyGarageVehicleListingTest"/>
  <testcase name="myGarageStaticText" time="79.018" classname="com.ch.tbc.tests.MyGarageVehicleListingTest"/>
  <testcase name="addAnotherVehicleLink" time="185.956" classname="com.ch.tbc.tests.MyGarageVehicleListingTest"/>
  <testcase name="addVehicleLink" time="75.528" classname="com.ch.tbc.tests.MyGarageVehicleListingTest"/>
  <testcase name="pageIndicator" time="149.126" classname="com.ch.tbc.tests.MyGarageVehicleListingTest"/>
  <testcase name="clickCarImageVehicleListing" time="250.225" classname="com.ch.tbc.tests.MyGarageVehicleListingTest"/>
  <testcase name="editLinkInVehicleListing" time="281.610" classname="com.ch.tbc.tests.MyGarageVehicleListingTest"/>
  <testcase name="leftChevron" time="170.814" classname="com.ch.tbc.tests.MyGarageVehicleListingTest"/>
  <testcase name="vehicleInformationVehicleListing" time="177.971" classname="com.ch.tbc.tests.MyGarageVehicleListingTest"/>
  <testcase name="myGarageLabel" time="91.741" classname="com.ch.tbc.tests.MyGarageVehicleListingTest"/>
  <testcase name="createAccountLink" time="171.662" classname="com.ch.tbc.tests.MyGarageVehicleListingTest"/>
  <testcase name="reccomendedServicesVehicleListing" time="128.520" classname="com.ch.tbc.tests.MyGarageVehicleListingTest"/>
  <testcase name="rightChevron" time="129.204" classname="com.ch.tbc.tests.MyGarageVehicleListingTest"/>
  <testcase name="myGarageVehicleListingBreadcrumb" time="58.655" classname="com.ch.tbc.tests.MyGarageVehicleListingTest"/>
  <testcase name="makeActiveLinkVehicleListing" time="204.481" classname="com.ch.tbc.tests.MyGarageVehicleListingTest"/>
  <testcase name="noVideoSection" time="118.652" classname="com.ch.tbc.tests.MyGarageVehicleListingTest"/>
</testsuite> <!-- com.ch.tbc.tests.MyGarageVehicleListingTest -->
