<?xml version="1.0" encoding="UTF-8"?>
<!-- Generated by org.testng.reporters.JUnitReportReporter -->
<testsuite hostname="abhishek" name="com.ch.tbc.testsMobile.SortPaginationMobileTest" tests="1" failures="0" timestamp="2 Jan 2017 09:19:35 GMT" time="211.801" errors="0">
  <testcase name="verifyMaxCountGridView" time="211.801" classname="com.ch.tbc.testsMobile.SortPaginationMobileTest"/>
</testsuite> <!-- com.ch.tbc.testsMobile.SortPaginationMobileTest -->
