<?xml version="1.0" encoding="UTF-8"?>
<!-- Generated by org.testng.reporters.JUnitReportReporter -->
<testsuite hostname="abhishek" name="com.ch.tbc.tabletTest.VehicleSelectorOptionalPageTabletTest" tests="1" failures="0" timestamp="6 Jan 2017 07:45:41 GMT" time="174.257" errors="0">
  <testcase name="isColorChangeTest" time="174.257" classname="com.ch.tbc.tabletTest.VehicleSelectorOptionalPageTabletTest"/>
</testsuite> <!-- com.ch.tbc.tabletTest.VehicleSelectorOptionalPageTabletTest -->
