<?xml version="1.0" encoding="UTF-8"?>
<!-- Generated by org.testng.reporters.JUnitReportReporter -->
<testsuite hostname="user-PC" name="com.ch.tbc.tabletTest.TabletFilterTest" tests="5" failures="0" timestamp="17 Aug 2016 11:20:28 GMT" time="3058.217" errors="0">
  <testcase name="filterSearchBattery" time="246.743" classname="com.ch.tbc.tabletTest.TabletFilterTest"/>
  <testcase name="filterSearchWiperBlades" time="802.964" classname="com.ch.tbc.tabletTest.TabletFilterTest"/>
  <testcase name="filterSearchOilchanges" time="872.532" classname="com.ch.tbc.tabletTest.TabletFilterTest"/>
  <testcase name="filterSearchWheelAlign" time="234.455" classname="com.ch.tbc.tabletTest.TabletFilterTest"/>
  <testcase name="filterLabelsByVehicle" time="901.523" classname="com.ch.tbc.tabletTest.TabletFilterTest"/>
</testsuite> <!-- com.ch.tbc.tabletTest.TabletFilterTest -->
