<?xml version="1.0" encoding="UTF-8"?>
<!-- Generated by org.testng.reporters.JUnitReportReporter -->
<testsuite hostname="abhishek" name="com.ch.tbc.tabletTest.VehicleSelectorVINTabletTest" tests="1" failures="0" timestamp="6 Jan 2017 09:08:45 GMT" time="132.462" errors="0">
  <testcase name="verifySaveVehicleByVINTest" time="132.462" classname="com.ch.tbc.tabletTest.VehicleSelectorVINTabletTest"/>
</testsuite> <!-- com.ch.tbc.tabletTest.VehicleSelectorVINTabletTest -->
