<?xml version="1.0" encoding="UTF-8"?>
<!-- Generated by org.testng.reporters.JUnitReportReporter -->
<testsuite hostname="user-PC" name="com.ch.tbc.testsMobile.MobileNoSearchResultPageTest" tests="3" failures="0" timestamp="25 Aug 2016 08:43:19 GMT" time="501.796" errors="0">
  <testcase name="verifyNoResultGlassImageTest" time="161.273" classname="com.ch.tbc.testsMobile.MobileNoSearchResultPageTest"/>
  <testcase name="verifyNoSearchResultTest" time="175.190" classname="com.ch.tbc.testsMobile.MobileNoSearchResultPageTest"/>
  <testcase name="verifyNoResultChatNowLinkTest" time="165.333" classname="com.ch.tbc.testsMobile.MobileNoSearchResultPageTest"/>
</testsuite> <!-- com.ch.tbc.testsMobile.MobileNoSearchResultPageTest -->
