<?xml version="1.0" encoding="UTF-8"?>
<!-- Generated by org.testng.reporters.JUnitReportReporter -->
<testsuite hostname="user-PC" name="com.ch.tbc.tests.SmokeTest" tests="1" failures="0" timestamp="10 Aug 2016 06:35:34 GMT" time="187.084" errors="0">
  <testcase name="clickServiceWheelAlignmentTest" time="187.084" classname="com.ch.tbc.tests.SmokeTest"/>
</testsuite> <!-- com.ch.tbc.tests.SmokeTest -->
