<?xml version="1.0" encoding="UTF-8"?>
<!-- Generated by org.testng.reporters.JUnitReportReporter -->
<testsuite hostname="user-PC" name="com.ch.tbc.tests.KnowledgeCentrePageTest" tests="11" failures="0" timestamp="25 Aug 2016 05:36:16 GMT" time="1627.468" errors="0">
  <testcase name="verifyNavigationIconsAndLabelTest" time="123.410" classname="com.ch.tbc.tests.KnowledgeCentrePageTest"/>
  <testcase name="clickMainContentCarSafetyTest" time="185.333" classname="com.ch.tbc.tests.KnowledgeCentrePageTest"/>
  <testcase name="clickMainContentTireBlowoutTest" time="144.617" classname="com.ch.tbc.tests.KnowledgeCentrePageTest"/>
  <testcase name="verifyArticlesTest" time="141.314" classname="com.ch.tbc.tests.KnowledgeCentrePageTest"/>
  <testcase name="clickMainContentDrivingGuideTest" time="131.617" classname="com.ch.tbc.tests.KnowledgeCentrePageTest"/>
  <testcase name="verifyMainContentTest" time="79.143" classname="com.ch.tbc.tests.KnowledgeCentrePageTest"/>
  <testcase name="verifyArticlesDropDownLinksTest" time="209.944" classname="com.ch.tbc.tests.KnowledgeCentrePageTest"/>
  <testcase name="clickMainContentBreakInspectionTest" time="167.747" classname="com.ch.tbc.tests.KnowledgeCentrePageTest"/>
  <testcase name="clickMainContentShockAndStrutsTest" time="109.550" classname="com.ch.tbc.tests.KnowledgeCentrePageTest"/>
  <testcase name="verifyKnowledgeCentreHeroImageTest" time="194.638" classname="com.ch.tbc.tests.KnowledgeCentrePageTest"/>
  <testcase name="clickMainContentChangeTireTest" time="140.155" classname="com.ch.tbc.tests.KnowledgeCentrePageTest"/>
</testsuite> <!-- com.ch.tbc.tests.KnowledgeCentrePageTest -->
