<?xml version="1.0" encoding="UTF-8"?>
<!-- Generated by org.testng.reporters.JUnitReportReporter -->
<testsuite hostname="abhishek" name="com.ch.tbc.tests.DealsOnlineSpeicalPageTest" tests="8" failures="0" timestamp="3 Jan 2017 11:35:22 GMT" time="1058.429" errors="0">
  <testcase name="clickDealsOnlineSpecialMoreDealsViewTest" time="230.586" classname="com.ch.tbc.tests.DealsOnlineSpeicalPageTest"/>
  <testcase name="clickDealsOnlineSpecialMoreDealsImageTest" time="98.855" classname="com.ch.tbc.tests.DealsOnlineSpeicalPageTest"/>
  <testcase name="isPrintOfferLinkTest" time="131.410" classname="com.ch.tbc.tests.DealsOnlineSpeicalPageTest"/>
  <testcase name="isDealsDetailsOnlineSpecialStaticTextTest" time="94.356" classname="com.ch.tbc.tests.DealsOnlineSpeicalPageTest"/>
  <testcase name="isTermsandConditionTest" time="139.565" classname="com.ch.tbc.tests.DealsOnlineSpeicalPageTest"/>
  <testcase name="isDealsDetailsOnlineSpecialMoreDealsTest" time="153.576" classname="com.ch.tbc.tests.DealsOnlineSpeicalPageTest"/>
  <testcase name="isDealsDetailsOnlineSpecialHeroImageTest" time="95.259" classname="com.ch.tbc.tests.DealsOnlineSpeicalPageTest"/>
  <testcase name="onlineSpecialShopAndSchedTest" time="114.822" classname="com.ch.tbc.tests.DealsOnlineSpeicalPageTest"/>
</testsuite> <!-- com.ch.tbc.tests.DealsOnlineSpeicalPageTest -->
