<?xml version="1.0" encoding="UTF-8"?>
<!-- Generated by org.testng.reporters.JUnitReportReporter -->
<testsuite hostname="abhishek" name="com.ch.tbc.tests.AnonymousUserOrYourStorePageTest" tests="7" failures="0" timestamp="12 Jan 2017 06:02:19 GMT" time="1003.592" errors="0">
  <testcase name="verifyMoreStoreLinkTest" time="120.136" classname="com.ch.tbc.tests.AnonymousUserOrYourStorePageTest"/>
  <testcase name="verifyStoreSearchBoxTest" time="81.296" classname="com.ch.tbc.tests.AnonymousUserOrYourStorePageTest"/>
  <testcase name="verifySelectStoreLabelTest" time="118.413" classname="com.ch.tbc.tests.AnonymousUserOrYourStorePageTest"/>
  <testcase name="verifyStoreSelectionTest" time="158.363" classname="com.ch.tbc.tests.AnonymousUserOrYourStorePageTest"/>
  <testcase name="verifyDefaultStoresTest" time="139.822" classname="com.ch.tbc.tests.AnonymousUserOrYourStorePageTest"/>
  <testcase name="verifyStoreProgressBarTest" time="230.987" classname="com.ch.tbc.tests.AnonymousUserOrYourStorePageTest"/>
  <testcase name="verifyFindAStoreButtonTest" time="154.575" classname="com.ch.tbc.tests.AnonymousUserOrYourStorePageTest"/>
</testsuite> <!-- com.ch.tbc.tests.AnonymousUserOrYourStorePageTest -->
