<?xml version="1.0" encoding="UTF-8"?>
<!-- Generated by org.testng.reporters.JUnitReportReporter -->
<testsuite hostname="User-PC" name="com.ch.tbc.testsMobile.MobileAboutUsTest" tests="5" failures="0" timestamp="14 Sep 2016 12:46:47 GMT" time="670.805" errors="0">
  <testcase name="community" time="100.205" classname="com.ch.tbc.testsMobile.MobileAboutUsTest"/>
  <testcase name="findAStore" time="149.470" classname="com.ch.tbc.testsMobile.MobileAboutUsTest"/>
  <testcase name="aboutUs" time="152.290" classname="com.ch.tbc.testsMobile.MobileAboutUsTest"/>
  <testcase name="aboutUsHeaders" time="132.398" classname="com.ch.tbc.testsMobile.MobileAboutUsTest"/>
  <testcase name="thinkGreen" time="136.442" classname="com.ch.tbc.testsMobile.MobileAboutUsTest"/>
</testsuite> <!-- com.ch.tbc.testsMobile.MobileAboutUsTest -->
