<?xml version="1.0" encoding="UTF-8"?>
<!-- Generated by org.testng.reporters.JUnitReportReporter -->
<testsuite hostname="abhishek" name="com.ch.tbc.tabletTest.AnonymousUserOrYourStorePageTabletTest" tests="7" failures="0" timestamp="12 Jan 2017 06:02:19 GMT" time="1110.454" errors="0">
  <testcase name="verifyStoreProgressBarTest" time="164.546" classname="com.ch.tbc.tabletTest.AnonymousUserOrYourStorePageTabletTest"/>
  <testcase name="verifySelectStoreLabelTest" time="195.199" classname="com.ch.tbc.tabletTest.AnonymousUserOrYourStorePageTabletTest"/>
  <testcase name="verifyStoreSearchBoxTest" time="141.940" classname="com.ch.tbc.tabletTest.AnonymousUserOrYourStorePageTabletTest"/>
  <testcase name="verifyMoreStoreLinkTest" time="158.724" classname="com.ch.tbc.tabletTest.AnonymousUserOrYourStorePageTabletTest"/>
  <testcase name="verifyFindAStoreButtonTest" time="129.069" classname="com.ch.tbc.tabletTest.AnonymousUserOrYourStorePageTabletTest"/>
  <testcase name="verifyStoreSelectionTest" time="143.838" classname="com.ch.tbc.tabletTest.AnonymousUserOrYourStorePageTabletTest"/>
  <testcase name="verifyDefaultStoresTest" time="177.138" classname="com.ch.tbc.tabletTest.AnonymousUserOrYourStorePageTabletTest"/>
</testsuite> <!-- com.ch.tbc.tabletTest.AnonymousUserOrYourStorePageTabletTest -->
