<?xml version="1.0" encoding="UTF-8"?>
<!-- Generated by org.testng.reporters.JUnitReportReporter -->
<testsuite hostname="abhishek" name="com.ch.tbc.tests.BrowseAndShopListingPageTest" tests="1" failures="0" timestamp="22 Feb 2017 10:37:14 GMT" time="131.502" errors="0">
  <testcase name="verifyImageAndProductNameTest" time="131.502" classname="com.ch.tbc.tests.BrowseAndShopListingPageTest"/>
</testsuite> <!-- com.ch.tbc.tests.BrowseAndShopListingPageTest -->
