<?xml version="1.0" encoding="UTF-8"?>
<!-- Generated by org.testng.reporters.JUnitReportReporter -->
<testsuite hostname="abhishek" name="com.ch.tbc.tabletTest.TabletAccountPreferences" tests="6" failures="0" timestamp="11 Jan 2017 11:11:04 GMT" time="602.958" errors="0">
  <testcase name="registerWithoutOptionalFields" time="126.657" classname="com.ch.tbc.tabletTest.TabletAccountPreferences"/>
  <testcase name="editLinks" time="99.527" classname="com.ch.tbc.tabletTest.TabletAccountPreferences"/>
  <testcase name="garageTest" time="93.118" classname="com.ch.tbc.tabletTest.TabletAccountPreferences"/>
  <testcase name="labels" time="85.333" classname="com.ch.tbc.tabletTest.TabletAccountPreferences"/>
  <testcase name="isCheckBoxes" time="85.191" classname="com.ch.tbc.tabletTest.TabletAccountPreferences"/>
  <testcase name="registerWithOptionalFields" time="113.132" classname="com.ch.tbc.tabletTest.TabletAccountPreferences"/>
</testsuite> <!-- com.ch.tbc.tabletTest.TabletAccountPreferences -->
