<?xml version="1.0" encoding="UTF-8"?>
<!-- Generated by org.testng.reporters.JUnitReportReporter -->
<testsuite hostname="User-PC" name="com.ch.tbc.tests.ContactUsTest" tests="12" failures="0" timestamp="8 Dec 2016 13:18:34 GMT" time="1863.125" errors="0">
  <testcase name="clickEmailCustomerSupportTest" time="152.036" classname="com.ch.tbc.tests.ContactUsTest"/>
  <testcase name="clickReviewandPayTest" time="249.369" classname="com.ch.tbc.tests.ContactUsTest"/>
  <testcase name="isHomePageContactUsLinkTest" time="121.677" classname="com.ch.tbc.tests.ContactUsTest"/>
  <testcase name="clickFooterContactUsTest" time="148.195" classname="com.ch.tbc.tests.ContactUsTest"/>
  <testcase name="clickVistInternationalTest" time="140.158" classname="com.ch.tbc.tests.ContactUsTest"/>
  <testcase name="clickEmailWarrantyTest" time="124.142" classname="com.ch.tbc.tests.ContactUsTest"/>
  <testcase name="clickContactUsLink" time="207.815" classname="com.ch.tbc.tests.ContactUsTest"/>
  <testcase name="clickEmailTechSupportTest" time="124.441" classname="com.ch.tbc.tests.ContactUsTest"/>
  <testcase name="clickEmailOurTeamTest" time="187.940" classname="com.ch.tbc.tests.ContactUsTest"/>
  <testcase name="clickEmailBusinessDevelopmentTest" time="138.953" classname="com.ch.tbc.tests.ContactUsTest"/>
  <testcase name="clickEmailWholesaleTeamTest" time="140.133" classname="com.ch.tbc.tests.ContactUsTest"/>
  <testcase name="clickStickyBarTest" time="128.266" classname="com.ch.tbc.tests.ContactUsTest"/>
</testsuite> <!-- com.ch.tbc.tests.ContactUsTest -->
