<?xml version="1.0" encoding="UTF-8"?>
<!-- Generated by org.testng.reporters.JUnitReportReporter -->
<testsuite hostname="abhishek" name="com.ch.tbc.tests.VehicleSelectorVINTest" tests="1" failures="0" timestamp="6 Jan 2017 09:11:41 GMT" time="106.487" errors="0">
  <testcase name="isVINFieldLableAndIsRedTest" time="106.487" classname="com.ch.tbc.tests.VehicleSelectorVINTest"/>
</testsuite> <!-- com.ch.tbc.tests.VehicleSelectorVINTest -->
