<?xml version="1.0" encoding="UTF-8"?>
<!-- Generated by org.testng.reporters.JUnitReportReporter -->
<testsuite hostname="abhishek" name="com.ch.tbc.testsMobile.MobileAccountPreferenceTest" tests="6" failures="0" timestamp="11 Jan 2017 11:11:04 GMT" time="535.956" errors="0">
  <testcase name="labels" time="105.424" classname="com.ch.tbc.testsMobile.MobileAccountPreferenceTest"/>
  <testcase name="isCheckBoxes" time="97.427" classname="com.ch.tbc.testsMobile.MobileAccountPreferenceTest"/>
  <testcase name="registerWithoutOptionalFields" time="89.846" classname="com.ch.tbc.testsMobile.MobileAccountPreferenceTest"/>
  <testcase name="editLinks" time="75.176" classname="com.ch.tbc.testsMobile.MobileAccountPreferenceTest"/>
  <testcase name="garageTest" time="103.064" classname="com.ch.tbc.testsMobile.MobileAccountPreferenceTest"/>
  <testcase name="registerWithOptionalFields" time="65.019" classname="com.ch.tbc.testsMobile.MobileAccountPreferenceTest"/>
</testsuite> <!-- com.ch.tbc.testsMobile.MobileAccountPreferenceTest -->
