<?xml version="1.0" encoding="UTF-8"?>
<!-- Generated by org.testng.reporters.JUnitReportReporter -->
<testsuite hostname="abhishek" name="com.ch.tbc.tabletTest.DealsOnlineSpeicalPageTabletTest" tests="8" failures="0" timestamp="3 Jan 2017 11:35:22 GMT" time="1223.933" errors="0">
  <testcase name="isTermsandConditionTest" time="157.229" classname="com.ch.tbc.tabletTest.DealsOnlineSpeicalPageTabletTest"/>
  <testcase name="onlineSpecialShopAndSchedTest" time="124.816" classname="com.ch.tbc.tabletTest.DealsOnlineSpeicalPageTabletTest"/>
  <testcase name="clickDealsOnlineSpecialMoreDealsViewTest" time="133.051" classname="com.ch.tbc.tabletTest.DealsOnlineSpeicalPageTabletTest"/>
  <testcase name="isDealsDetailsOnlineSpecialMoreDealsTest" time="141.260" classname="com.ch.tbc.tabletTest.DealsOnlineSpeicalPageTabletTest"/>
  <testcase name="isDealsDetailsOnlineSpecialStaticTextTest" time="154.787" classname="com.ch.tbc.tabletTest.DealsOnlineSpeicalPageTabletTest"/>
  <testcase name="clickDealsOnlineSpecialMoreDealsImageTest" time="140.775" classname="com.ch.tbc.tabletTest.DealsOnlineSpeicalPageTabletTest"/>
  <testcase name="isPrintOfferLinkTest" time="192.770" classname="com.ch.tbc.tabletTest.DealsOnlineSpeicalPageTabletTest"/>
  <testcase name="isDealsDetailsOnlineSpecialHeroImageTest" time="179.245" classname="com.ch.tbc.tabletTest.DealsOnlineSpeicalPageTabletTest"/>
</testsuite> <!-- com.ch.tbc.tabletTest.DealsOnlineSpeicalPageTabletTest -->
