<?xml version="1.0" encoding="UTF-8"?>
<!-- Generated by org.testng.reporters.JUnitReportReporter -->
<testsuite hostname="user-PC" name="com.ch.tbc.tests.RegistrationSuccessTest" tests="5" failures="0" timestamp="6 Sep 2016 11:29:50 GMT" time="1634.325" errors="0">
  <testcase name="storeConfmShopButtons" time="379.332" classname="com.ch.tbc.tests.RegistrationSuccessTest"/>
  <testcase name="storeConfmTakeMeToMyAccount" time="290.781" classname="com.ch.tbc.tests.RegistrationSuccessTest"/>
  <testcase name="storeConfmStaticText" time="303.875" classname="com.ch.tbc.tests.RegistrationSuccessTest"/>
  <testcase name="statusSteps" time="332.481" classname="com.ch.tbc.tests.RegistrationSuccessTest"/>
  <testcase name="storeConfmTakeMeToMyGarage" time="327.856" classname="com.ch.tbc.tests.RegistrationSuccessTest"/>
</testsuite> <!-- com.ch.tbc.tests.RegistrationSuccessTest -->
