<?xml version="1.0" encoding="UTF-8"?>
<!-- Generated by org.testng.reporters.JUnitReportReporter -->
<testsuite hostname="abhishek" name="com.ch.tbc.testsMobile.MobileMyGarageVehicleLisingTest" tests="19" failures="0" timestamp="10 Jan 2017 06:13:43 GMT" time="1848.503" errors="0">
  <testcase name="activeLabelVehicleListing" time="103.722" classname="com.ch.tbc.testsMobile.MobileMyGarageVehicleLisingTest"/>
  <testcase name="createAccountLink" time="46.852" classname="com.ch.tbc.testsMobile.MobileMyGarageVehicleLisingTest"/>
  <testcase name="vehicleCartLinkVehicleListing" time="108.380" classname="com.ch.tbc.testsMobile.MobileMyGarageVehicleLisingTest"/>
  <testcase name="clickCarImageVehicleListing" time="113.291" classname="com.ch.tbc.testsMobile.MobileMyGarageVehicleLisingTest"/>
  <testcase name="makeActiveLinkVehicleListing" time="126.151" classname="com.ch.tbc.testsMobile.MobileMyGarageVehicleLisingTest"/>
  <testcase name="manageAppointmentVehicleListing" time="128.775" classname="com.ch.tbc.testsMobile.MobileMyGarageVehicleLisingTest"/>
  <testcase name="addVehicleLink" time="59.655" classname="com.ch.tbc.testsMobile.MobileMyGarageVehicleLisingTest"/>
  <testcase name="myGarageStaticText" time="57.607" classname="com.ch.tbc.testsMobile.MobileMyGarageVehicleLisingTest"/>
  <testcase name="noVideoSection" time="106.332" classname="com.ch.tbc.testsMobile.MobileMyGarageVehicleLisingTest"/>
  <testcase name="vehicleInformationVehicleListing" time="108.796" classname="com.ch.tbc.testsMobile.MobileMyGarageVehicleLisingTest"/>
  <testcase name="howToUseGarageLink" time="111.386" classname="com.ch.tbc.testsMobile.MobileMyGarageVehicleLisingTest"/>
  <testcase name="displayVehicleInfoVehicleListing" time="129.209" classname="com.ch.tbc.testsMobile.MobileMyGarageVehicleLisingTest"/>
  <testcase name="vehicleCartNumberVehicleListing" time="105.377" classname="com.ch.tbc.testsMobile.MobileMyGarageVehicleLisingTest"/>
  <testcase name="reccomendedServicesVehicleListing" time="134.023" classname="com.ch.tbc.testsMobile.MobileMyGarageVehicleLisingTest"/>
  <testcase name="displayStaticTextBelowVideo" time="41.887" classname="com.ch.tbc.testsMobile.MobileMyGarageVehicleLisingTest"/>
  <testcase name="bookAppointmentVehicleListing" time="121.160" classname="com.ch.tbc.testsMobile.MobileMyGarageVehicleLisingTest"/>
  <testcase name="myGarageLabel" time="51.145" classname="com.ch.tbc.testsMobile.MobileMyGarageVehicleLisingTest"/>
  <testcase name="editLinkInVehicleListing" time="75.419" classname="com.ch.tbc.testsMobile.MobileMyGarageVehicleLisingTest"/>
  <testcase name="addAnotherVehicleLink" time="119.336" classname="com.ch.tbc.testsMobile.MobileMyGarageVehicleLisingTest"/>
</testsuite> <!-- com.ch.tbc.testsMobile.MobileMyGarageVehicleLisingTest -->
