<?xml version="1.0" encoding="UTF-8"?>
<!-- Generated by org.testng.reporters.JUnitReportReporter -->
<testsuite skipped="0" hostname="DESKTOP-1O1U564" name="com.ch.ta.desktopTests.CreateAnAccountTest" tests="1" failures="0" timestamp="28 Dec 2017 06:14:35 GMT" time="140.528" errors="0">
  <testcase name="changeLocation" time="140.528" classname="com.ch.ta.desktopTests.CreateAnAccountTest"/>
</testsuite> <!-- com.ch.ta.desktopTests.CreateAnAccountTest -->
