<?xml version="1.0" encoding="UTF-8"?>
<!-- Generated by org.testng.reporters.JUnitReportReporter -->
<testsuite skipped="0" hostname="DESKTOP-1O1U564" name="com.ch.ta.desktopTests.CreateAccWithEmailTest" tests="1" failures="0" timestamp="05 Jan 2018 07:33:33 GMT" time="65.897" errors="0">
  <testcase name="createAccount" time="65.897" classname="com.ch.ta.desktopTests.CreateAccWithEmailTest"/>
</testsuite> <!-- com.ch.ta.desktopTests.CreateAccWithEmailTest -->
