<?xml version="1.0" encoding="UTF-8"?>
<!-- Generated by org.testng.reporters.JUnitReportReporter -->
<testsuite hostname="User-PC" name="com.ch.tbc.tabletTest.TabletAboutUsTest" tests="5" failures="0" timestamp="14 Sep 2016 11:48:08 GMT" time="992.249" errors="0">
  <testcase name="community" time="178.365" classname="com.ch.tbc.tabletTest.TabletAboutUsTest"/>
  <testcase name="thinkGreen" time="262.547" classname="com.ch.tbc.tabletTest.TabletAboutUsTest"/>
  <testcase name="aboutUs" time="160.502" classname="com.ch.tbc.tabletTest.TabletAboutUsTest"/>
  <testcase name="aboutUsHeaders" time="153.640" classname="com.ch.tbc.tabletTest.TabletAboutUsTest"/>
  <testcase name="findAStore" time="237.195" classname="com.ch.tbc.tabletTest.TabletAboutUsTest"/>
</testsuite> <!-- com.ch.tbc.tabletTest.TabletAboutUsTest -->
