<?xml version="1.0" encoding="UTF-8"?>
<!-- Generated by org.testng.reporters.JUnitReportReporter -->
<testsuite skipped="0" hostname="DESKTOP-1O1U564" name="com.ch.ta.desktopTests.LoginTest" tests="1" failures="0" timestamp="05 Jan 2018 09:30:40 GMT" time="51.358" errors="0">
  <testcase name="invalidLoginTest" time="51.358" classname="com.ch.ta.desktopTests.LoginTest"/>
</testsuite> <!-- com.ch.ta.desktopTests.LoginTest -->
