<?xml version="1.0" encoding="UTF-8"?>
<!-- Generated by org.testng.reporters.JUnitReportReporter -->
<testsuite hostname="abhishek" name="com.ch.tbc.testsMobile.MobileVehicleSelectorMYMTest" tests="1" failures="0" timestamp="26 Dec 2016 09:56:06 GMT" time="89.243" errors="0">
  <testcase name="verifyMyGarageLabelAndMYMSectionTest" time="89.243" classname="com.ch.tbc.testsMobile.MobileVehicleSelectorMYMTest"/>
</testsuite> <!-- com.ch.tbc.testsMobile.MobileVehicleSelectorMYMTest -->
