<?xml version="1.0" encoding="UTF-8"?>
<!-- Generated by org.testng.reporters.JUnitReportReporter -->
<testsuite hostname="abhishek" name="com.ch.tbc.tabletTest.TabletSKUDetailsTest" tests="1" failures="0" timestamp="12 Jan 2017 10:18:13 GMT" time="126.728" errors="0">
  <testcase name="isTires" time="126.728" classname="com.ch.tbc.tabletTest.TabletSKUDetailsTest"/>
</testsuite> <!-- com.ch.tbc.tabletTest.TabletSKUDetailsTest -->
