<?xml version="1.0" encoding="UTF-8"?>
<!-- Generated by org.testng.reporters.JUnitReportReporter -->
<testsuite hostname="abhishek" name="com.ch.tbc.tests.SmokeTests" tests="1" failures="0" timestamp="9 Jun 2017 11:51:13 GMT" time="290.530" errors="0">
  <testcase name="verifyConfirmAppAndRescheduleSignedUserTest" time="290.530" classname="com.ch.tbc.tests.SmokeTests"/>
</testsuite> <!-- com.ch.tbc.tests.SmokeTests -->
