<?xml version="1.0" encoding="UTF-8"?>
<!-- Generated by org.testng.reporters.JUnitReportReporter -->
<testsuite hostname="abhishek" name="com.ch.tbc.tabletTest.DealsDetailsTabletTest" tests="6" failures="0" timestamp="3 Jan 2017 11:35:22 GMT" time="771.236" errors="0">
  <testcase name="isDealsDetailsMoreDealsTest" time="111.351" classname="com.ch.tbc.tabletTest.DealsDetailsTabletTest"/>
  <testcase name="isDealsDetailsEligibleTiresButtonTest" time="126.322" classname="com.ch.tbc.tabletTest.DealsDetailsTabletTest"/>
  <testcase name="clickDealsDetailsMoreDealsImageTest" time="127.503" classname="com.ch.tbc.tabletTest.DealsDetailsTabletTest"/>
  <testcase name="isTermsandConditionTest" time="135.034" classname="com.ch.tbc.tabletTest.DealsDetailsTabletTest"/>
  <testcase name="clickDealsDetailsEligibleTiresButtonTest" time="137.521" classname="com.ch.tbc.tabletTest.DealsDetailsTabletTest"/>
  <testcase name="clickDealsDetailsViewAllTest" time="133.505" classname="com.ch.tbc.tabletTest.DealsDetailsTabletTest"/>
</testsuite> <!-- com.ch.tbc.tabletTest.DealsDetailsTabletTest -->
