<?xml version="1.0" encoding="UTF-8"?>
<!-- Generated by org.testng.reporters.JUnitReportReporter -->
<testsuite hostname="abhishek" name="com.ch.tbc.tabletTest.TabletMyGarageVehiclDetailsTest" tests="1" failures="0" timestamp="11 Jan 2017 06:10:07 GMT" time="98.045" errors="0">
  <testcase name="recommendedServicesConditionButtons" time="98.045" classname="com.ch.tbc.tabletTest.TabletMyGarageVehiclDetailsTest"/>
</testsuite> <!-- com.ch.tbc.tabletTest.TabletMyGarageVehiclDetailsTest -->
