<?xml version="1.0" encoding="UTF-8"?>
<!-- Generated by org.testng.reporters.JUnitReportReporter -->
<testsuite hostname="user-PC" name="com.ch.tbc.tests.AbhiSmokeTest" tests="24" failures="0" timestamp="2 Sep 2016 12:52:27 GMT" time="2722.553" errors="0">
  <testcase name="clickMainContentShockAndStrutsTest" time="83.885" classname="com.ch.tbc.tests.AbhiSmokeTest"/>
  <testcase name="clickDealsInHeaderTest" time="64.924" classname="com.ch.tbc.tests.AbhiSmokeTest"/>
  <testcase name="verifyBatterylistingPageTest" time="104.454" classname="com.ch.tbc.tests.AbhiSmokeTest"/>
  <testcase name="verifyUpdatedServicesByVehicle" time="156.638" classname="com.ch.tbc.tests.AbhiSmokeTest"/>
  <testcase name="verifySaveVehicleButtonTest" time="126.037" classname="com.ch.tbc.tests.AbhiSmokeTest"/>
  <testcase name="verifySignedUserTest" time="214.982" classname="com.ch.tbc.tests.AbhiSmokeTest"/>
  <testcase name="verifyRecreationalTralierTiresTest" time="128.107" classname="com.ch.tbc.tests.AbhiSmokeTest"/>
  <testcase name="verifyUpdatedTireByVehicleTest" time="140.828" classname="com.ch.tbc.tests.AbhiSmokeTest"/>
  <testcase name="isDealsDetailsAndStaticTestTest" time="83.567" classname="com.ch.tbc.tests.AbhiSmokeTest"/>
  <testcase name="clickServiceBreaksIconTest" time="170.751" classname="com.ch.tbc.tests.AbhiSmokeTest"/>
  <testcase name="clickServiceWheelAlignmentTest" time="162.625" classname="com.ch.tbc.tests.AbhiSmokeTest"/>
  <testcase name="VerifyTireSizeWithOutVehicleStoreTest" time="107.113" classname="com.ch.tbc.tests.AbhiSmokeTest"/>
  <testcase name="clickMainContentChangeTireTest" time="90.437" classname="com.ch.tbc.tests.AbhiSmokeTest"/>
  <testcase name="verifyRegistrationstatusSteps" time="61.986" classname="com.ch.tbc.tests.AbhiSmokeTest"/>
  <testcase name="verifyBookAppGuestConfirmationWithVehicleTest" time="155.894" classname="com.ch.tbc.tests.AbhiSmokeTest"/>
  <testcase name="clickServiceByVehicleTest" time="149.478" classname="com.ch.tbc.tests.AbhiSmokeTest"/>
  <testcase name="verifyBookAppGuestConfirmationTest" time="79.286" classname="com.ch.tbc.tests.AbhiSmokeTest"/>
  <testcase name="clickMainContentBreakInspectionTest" time="88.047" classname="com.ch.tbc.tests.AbhiSmokeTest"/>
  <testcase name="registrationNextButton" time="68.219" classname="com.ch.tbc.tests.AbhiSmokeTest"/>
  <testcase name="verifyGuestUserTirelistingPageTest" time="84.343" classname="com.ch.tbc.tests.AbhiSmokeTest"/>
  <testcase name="verifySaveVehicleByVINTest" time="101.283" classname="com.ch.tbc.tests.AbhiSmokeTest"/>
  <testcase name="clickMainContentTireBlowoutTest" time="76.868" classname="com.ch.tbc.tests.AbhiSmokeTest"/>
  <testcase name="clickServiceBatteryTest" time="161.270" classname="com.ch.tbc.tests.AbhiSmokeTest"/>
  <testcase name="verifyKnowledgeCentreTest" time="61.531" classname="com.ch.tbc.tests.AbhiSmokeTest"/>
</testsuite> <!-- com.ch.tbc.tests.AbhiSmokeTest -->
