<?xml version="1.0" encoding="UTF-8"?>
<!-- Generated by org.testng.reporters.JUnitReportReporter -->
<testsuite hostname="abhishek" name="com.ch.tbc.testsMobile.MobileDealsDetailsTest" tests="3" failures="0" timestamp="3 Jan 2017 11:35:22 GMT" time="452.045" errors="0">
  <testcase name="isDealsDetailsAndTest" time="176.433" classname="com.ch.tbc.testsMobile.MobileDealsDetailsTest"/>
  <testcase name="isDealsDetailsEligibleTiresButtonTest" time="136.840" classname="com.ch.tbc.testsMobile.MobileDealsDetailsTest"/>
  <testcase name="isTermsandConditionTest" time="138.772" classname="com.ch.tbc.testsMobile.MobileDealsDetailsTest"/>
</testsuite> <!-- com.ch.tbc.testsMobile.MobileDealsDetailsTest -->
