<?xml version="1.0" encoding="UTF-8"?>
<!-- Generated by org.testng.reporters.JUnitReportReporter -->
<testsuite hostname="User-PC" name="com.ch.tbc.tabletTest.RecommendationsPageTabletTest" tests="1" failures="0" timestamp="30 Sep 2016 12:56:10 GMT" time="206.694" errors="0">
  <testcase name="verifyRecommendStaticTextTest" time="206.694" classname="com.ch.tbc.tabletTest.RecommendationsPageTabletTest"/>
</testsuite> <!-- com.ch.tbc.tabletTest.RecommendationsPageTabletTest -->
