<?xml version="1.0" encoding="UTF-8"?>
<!-- Generated by org.testng.reporters.JUnitReportReporter -->
<testsuite hostname="abhishek" name="com.ch.tbc.tabletTest.TabletTrailerLinesListingTest" tests="1" failures="0" timestamp="13 Jan 2017 07:23:04 GMT" time="316.394" errors="0">
  <testcase name="trailerTiresLinesListing" time="316.394" classname="com.ch.tbc.tabletTest.TabletTrailerLinesListingTest"/>
</testsuite> <!-- com.ch.tbc.tabletTest.TabletTrailerLinesListingTest -->
