<?xml version="1.0" encoding="UTF-8"?>
<!-- Generated by org.testng.reporters.JUnitReportReporter -->
<testsuite skipped="24" hostname="DESKTOP-KEO17GQ" name="com.ch.ta.desktopTests.BrandLineDetailsTest" tests="25" failures="0" timestamp="16 Jan 2018 07:19:43 GMT" time="0.007" errors="1">
  <testcase name="verifyShopThisLineBySize" time="0.000" classname="com.ch.ta.desktopTests.BrandLineDetailsTest">
    <skipped/>
  </testcase> <!-- verifyShopThisLineBySize -->
  <testcase name="verifyYMME" time="0.000" classname="com.ch.ta.desktopTests.BrandLineDetailsTest">
    <skipped/>
  </testcase> <!-- verifyYMME -->
  <testcase name="verifyFooterSection" time="0.000" classname="com.ch.ta.desktopTests.BrandLineDetailsTest">
    <skipped/>
  </testcase> <!-- verifyFooterSection -->
  <testcase name="verifyNoVehicleWarningMessage" time="0.000" classname="com.ch.ta.desktopTests.BrandLineDetailsTest">
    <skipped/>
  </testcase> <!-- verifyNoVehicleWarningMessage -->
  <testcase name="verifyBrandLineDetialsNavigation" time="0.000" classname="com.ch.ta.desktopTests.BrandLineDetailsTest">
    <skipped/>
  </testcase> <!-- verifyBrandLineDetialsNavigation -->
  <testcase name="verifyWarranty" time="0.000" classname="com.ch.ta.desktopTests.BrandLineDetailsTest">
    <skipped/>
  </testcase> <!-- verifyWarranty -->
  <testcase name="verifyBrand" time="0.000" classname="com.ch.ta.desktopTests.BrandLineDetailsTest">
    <skipped/>
  </testcase> <!-- verifyBrand -->
  <testcase name="verifyCarousels" time="0.000" classname="com.ch.ta.desktopTests.BrandLineDetailsTest">
    <skipped/>
  </testcase> <!-- verifyCarousels -->
  <testcase name="verifyParticularTireSize" time="0.000" classname="com.ch.ta.desktopTests.BrandLineDetailsTest">
    <skipped/>
  </testcase> <!-- verifyParticularTireSize -->
  <testcase name="tyreURL" time="0.006" classname="com.ch.ta.desktopTests.BrandLineDetailsTest">
    <error type="java.lang.NullPointerException">
      <![CDATA[java.lang.NullPointerException
	at com.ch.ta.utils.CommonUtils.desktopView(CommonUtils.java:32)
	at com.ch.ta.desktopTests.BrandLineDetailsTest.tyreURL(BrandLineDetailsTest.java:18)
	at sun.reflect.NativeMethodAccessorImpl.invoke0(Native Method)
	at sun.reflect.NativeMethodAccessorImpl.invoke(Unknown Source)
	at sun.reflect.DelegatingMethodAccessorImpl.invoke(Unknown Source)
	at java.lang.reflect.Method.invoke(Unknown Source)
	at org.testng.internal.MethodInvocationHelper.invokeMethod(MethodInvocationHelper.java:108)
	at org.testng.internal.Invoker.invokeConfigurationMethod(Invoker.java:523)
	at org.testng.internal.Invoker.invokeConfigurations(Invoker.java:224)
	at org.testng.internal.Invoker.invokeMethod(Invoker.java:599)
	at org.testng.internal.Invoker.invokeTestMethod(Invoker.java:869)
	at org.testng.internal.Invoker.invokeTestMethods(Invoker.java:1193)
	at org.testng.internal.TestMethodWorker.invokeTestMethods(TestMethodWorker.java:126)
	at org.testng.internal.TestMethodWorker.run(TestMethodWorker.java:109)
	at org.testng.TestRunner.privateRun(TestRunner.java:744)
	at org.testng.TestRunner.run(TestRunner.java:602)
	at org.testng.SuiteRunner.runTest(SuiteRunner.java:380)
	at org.testng.SuiteRunner.runSequentially(SuiteRunner.java:375)
	at org.testng.SuiteRunner.privateRun(SuiteRunner.java:340)
	at org.testng.SuiteRunner.run(SuiteRunner.java:289)
	at org.testng.SuiteRunnerWorker.runSuite(SuiteRunnerWorker.java:52)
	at org.testng.SuiteRunnerWorker.run(SuiteRunnerWorker.java:86)
	at org.testng.TestNG.runSuitesSequentially(TestNG.java:1301)
	at org.testng.TestNG.runSuitesLocally(TestNG.java:1226)
	at org.testng.TestNG.runSuites(TestNG.java:1144)
	at org.testng.TestNG.run(TestNG.java:1115)
	at org.testng.remote.AbstractRemoteTestNG.run(AbstractRemoteTestNG.java:132)
	at org.testng.remote.RemoteTestNG.initAndRun(RemoteTestNG.java:230)
	at org.testng.remote.RemoteTestNG.main(RemoteTestNG.java:76)
]]>
    </error>
  </testcase> <!-- tyreURL -->
  <testcase name="verifyStaticYMME" time="0.000" classname="com.ch.ta.desktopTests.BrandLineDetailsTest">
    <skipped/>
  </testcase> <!-- verifyStaticYMME -->
  <testcase name="verifyWarningMessage" time="0.000" classname="com.ch.ta.desktopTests.BrandLineDetailsTest">
    <skipped/>
  </testcase> <!-- verifyWarningMessage -->
  <testcase name="verifyBackToTopLink" time="0.000" classname="com.ch.ta.desktopTests.BrandLineDetailsTest">
    <skipped/>
  </testcase> <!-- verifyBackToTopLink -->
  <testcase name="verifyViewSection" time="0.001" classname="com.ch.ta.desktopTests.BrandLineDetailsTest">
    <skipped/>
  </testcase> <!-- verifyViewSection -->
  <testcase name="verifyLicensePlateNumber" time="0.000" classname="com.ch.ta.desktopTests.BrandLineDetailsTest">
    <skipped/>
  </testcase> <!-- verifyLicensePlateNumber -->
  <testcase name="verifyBrandTitle" time="0.000" classname="com.ch.ta.desktopTests.BrandLineDetailsTest">
    <skipped/>
  </testcase> <!-- verifyBrandTitle -->
  <testcase name="verifyNotFitTires" time="0.000" classname="com.ch.ta.desktopTests.BrandLineDetailsTest">
    <skipped/>
  </testcase> <!-- verifyNotFitTires -->
  <testcase name="verifyYMMEBelowText" time="0.000" classname="com.ch.ta.desktopTests.BrandLineDetailsTest">
    <skipped/>
  </testcase> <!-- verifyYMMEBelowText -->
  <testcase name="verifyTireSize" time="0.000" classname="com.ch.ta.desktopTests.BrandLineDetailsTest">
    <skipped/>
  </testcase> <!-- verifyTireSize -->
  <testcase name="allSizesFunctionality" time="0.000" classname="com.ch.ta.desktopTests.BrandLineDetailsTest">
    <skipped/>
  </testcase> <!-- allSizesFunctionality -->
  <testcase name="verifyShopThisLineFunctionality" time="0.000" classname="com.ch.ta.desktopTests.BrandLineDetailsTest">
    <skipped/>
  </testcase> <!-- verifyShopThisLineFunctionality -->
  <testcase name="functionalityOfRatingsAndReviews" time="0.000" classname="com.ch.ta.desktopTests.BrandLineDetailsTest">
    <skipped/>
  </testcase> <!-- functionalityOfRatingsAndReviews -->
  <testcase name="verifyFitTires" time="0.000" classname="com.ch.ta.desktopTests.BrandLineDetailsTest">
    <skipped/>
  </testcase> <!-- verifyFitTires -->
  <testcase name="verifyRatingsReviews" time="0.000" classname="com.ch.ta.desktopTests.BrandLineDetailsTest">
    <skipped/>
  </testcase> <!-- verifyRatingsReviews -->
  <testcase name="verifyTireSizes" time="0.000" classname="com.ch.ta.desktopTests.BrandLineDetailsTest">
    <skipped/>
  </testcase> <!-- verifyTireSizes -->
</testsuite> <!-- com.ch.ta.desktopTests.BrandLineDetailsTest -->
