<?xml version="1.0" encoding="UTF-8"?>
<!-- Generated by org.testng.reporters.JUnitReportReporter -->
<testsuite hostname="user-PC" name="com.ch.tbc.tabletTest.NoSearchResultPageTabletTest" tests="3" failures="0" timestamp="8 Jul 2016 07:57:02 GMT" time="1147.091" errors="0">
  <testcase name="verifyNoResultChatNowLinkTest" time="867.742" classname="com.ch.tbc.tabletTest.NoSearchResultPageTabletTest"/>
  <testcase name="verifyNoSearchResultTest" time="108.320" classname="com.ch.tbc.tabletTest.NoSearchResultPageTabletTest"/>
  <testcase name="verifyNoResultGlassImageTest" time="171.029" classname="com.ch.tbc.tabletTest.NoSearchResultPageTabletTest"/>
</testsuite> <!-- com.ch.tbc.tabletTest.NoSearchResultPageTabletTest -->
