<?xml version="1.0" encoding="UTF-8"?>
<!-- Generated by org.testng.reporters.JUnitReportReporter -->
<testsuite hostname="user-PC" name="com.ch.tbc.tabletTest.KnowledgeCentrePageTabletTest" tests="11" failures="0" timestamp="25 Aug 2016 06:53:28 GMT" time="1647.366" errors="0">
  <testcase name="clickMainContentShockAndStrutsTest" time="180.813" classname="com.ch.tbc.tabletTest.KnowledgeCentrePageTabletTest"/>
  <testcase name="clickMainContentDrivingGuideTest" time="143.450" classname="com.ch.tbc.tabletTest.KnowledgeCentrePageTabletTest"/>
  <testcase name="verifyNavigationIconsAndLabelTest" time="162.602" classname="com.ch.tbc.tabletTest.KnowledgeCentrePageTabletTest"/>
  <testcase name="verifyKnowledgeCentreHeroImageTest" time="187.030" classname="com.ch.tbc.tabletTest.KnowledgeCentrePageTabletTest"/>
  <testcase name="verifyMainContentTest" time="139.551" classname="com.ch.tbc.tabletTest.KnowledgeCentrePageTabletTest"/>
  <testcase name="clickMainContentChangeTireTest" time="144.384" classname="com.ch.tbc.tabletTest.KnowledgeCentrePageTabletTest"/>
  <testcase name="verifyArticlesDropDownLinksTest" time="241.703" classname="com.ch.tbc.tabletTest.KnowledgeCentrePageTabletTest"/>
  <testcase name="clickMainContentCarSafetyTest" time="152.478" classname="com.ch.tbc.tabletTest.KnowledgeCentrePageTabletTest"/>
  <testcase name="clickMainContentBreakInspectionTest" time="130.854" classname="com.ch.tbc.tabletTest.KnowledgeCentrePageTabletTest"/>
  <testcase name="verifyArticlesTest" time="77.971" classname="com.ch.tbc.tabletTest.KnowledgeCentrePageTabletTest"/>
  <testcase name="clickMainContentTireBlowoutTest" time="86.530" classname="com.ch.tbc.tabletTest.KnowledgeCentrePageTabletTest"/>
</testsuite> <!-- com.ch.tbc.tabletTest.KnowledgeCentrePageTabletTest -->
