<?xml version="1.0" encoding="UTF-8"?>
<!-- Generated by org.testng.reporters.JUnitReportReporter -->
<testsuite hostname="user-PC" name="com.ch.tbc.testsMobile.MobileKnowledgeCentrePageTest" tests="11" failures="0" timestamp="25 Aug 2016 08:20:06 GMT" time="1738.822" errors="0">
  <testcase name="clickMainContentShockAndStrutsTest" time="133.311" classname="com.ch.tbc.testsMobile.MobileKnowledgeCentrePageTest"/>
  <testcase name="verifyArticlesDropDownLinksTest" time="228.866" classname="com.ch.tbc.testsMobile.MobileKnowledgeCentrePageTest"/>
  <testcase name="verifyMainContentTest" time="119.301" classname="com.ch.tbc.testsMobile.MobileKnowledgeCentrePageTest"/>
  <testcase name="clickMainContentTireBlowoutTest" time="95.416" classname="com.ch.tbc.testsMobile.MobileKnowledgeCentrePageTest"/>
  <testcase name="verifyKnowledgeCentreHeroImageTest" time="114.557" classname="com.ch.tbc.testsMobile.MobileKnowledgeCentrePageTest"/>
  <testcase name="clickMainContentChangeTireTest" time="125.792" classname="com.ch.tbc.testsMobile.MobileKnowledgeCentrePageTest"/>
  <testcase name="verifyNavigationIconsAndLabelTest" time="181.719" classname="com.ch.tbc.testsMobile.MobileKnowledgeCentrePageTest"/>
  <testcase name="clickMainContentDrivingGuideTest" time="141.996" classname="com.ch.tbc.testsMobile.MobileKnowledgeCentrePageTest"/>
  <testcase name="clickMainContentBreakInspectionTest" time="175.990" classname="com.ch.tbc.testsMobile.MobileKnowledgeCentrePageTest"/>
  <testcase name="clickMainContentCarSafetyTest" time="207.204" classname="com.ch.tbc.testsMobile.MobileKnowledgeCentrePageTest"/>
  <testcase name="verifyArticlesTest" time="214.670" classname="com.ch.tbc.testsMobile.MobileKnowledgeCentrePageTest"/>
</testsuite> <!-- com.ch.tbc.testsMobile.MobileKnowledgeCentrePageTest -->
