<?xml version="1.0" encoding="UTF-8"?>
<!-- Generated by org.testng.reporters.JUnitReportReporter -->
<testsuite hostname="abhishek" name="com.ch.tbc.testsMobile.MobileAnonymousUserOrYourStorePageTest" tests="7" failures="0" timestamp="12 Jan 2017 06:02:19 GMT" time="921.598" errors="0">
  <testcase name="verifyDefaultStoresTest" time="147.873" classname="com.ch.tbc.testsMobile.MobileAnonymousUserOrYourStorePageTest"/>
  <testcase name="verifyStoreSelectionTest" time="167.698" classname="com.ch.tbc.testsMobile.MobileAnonymousUserOrYourStorePageTest"/>
  <testcase name="verifyStoreProgressBarTest" time="128.774" classname="com.ch.tbc.testsMobile.MobileAnonymousUserOrYourStorePageTest"/>
  <testcase name="verifySelectStoreLabelTest" time="133.894" classname="com.ch.tbc.testsMobile.MobileAnonymousUserOrYourStorePageTest"/>
  <testcase name="verifyFindAStoreButtonTest" time="45.489" classname="com.ch.tbc.testsMobile.MobileAnonymousUserOrYourStorePageTest"/>
  <testcase name="verifyMoreStoreLinkTest" time="144.000" classname="com.ch.tbc.testsMobile.MobileAnonymousUserOrYourStorePageTest"/>
  <testcase name="verifyStoreSearchBoxTest" time="153.870" classname="com.ch.tbc.testsMobile.MobileAnonymousUserOrYourStorePageTest"/>
</testsuite> <!-- com.ch.tbc.testsMobile.MobileAnonymousUserOrYourStorePageTest -->
