<?xml version="1.0" encoding="UTF-8"?>
<!-- Generated by org.testng.reporters.JUnitReportReporter -->
<testsuite hostname="abhishek" name="com.ch.tbc.tests.FilterTest" tests="1" failures="0" timestamp="6 Jan 2017 06:45:17 GMT" time="186.103" errors="0">
  <testcase name="filterSearchBattery" time="186.103" classname="com.ch.tbc.tests.FilterTest"/>
</testsuite> <!-- com.ch.tbc.tests.FilterTest -->
