<?xml version="1.0" encoding="UTF-8"?>
<!-- Generated by org.testng.reporters.JUnitReportReporter -->
<testsuite hostname="abhishek" name="com.ch.tbc.testsMobile.MobileDealsMailInRebatePageTest" tests="8" failures="0" timestamp="3 Jan 2017 11:35:22 GMT" time="756.620" errors="0">
  <testcase name="isDealsMailInRebateSpecialHeroImageTest" time="109.833" classname="com.ch.tbc.testsMobile.MobileDealsMailInRebatePageTest"/>
  <testcase name="isDealsMailInRebateSpecialMoreDealsTest" time="87.417" classname="com.ch.tbc.testsMobile.MobileDealsMailInRebatePageTest"/>
  <testcase name="clickDealsmailInRebateMoreDealsViewTest" time="84.173" classname="com.ch.tbc.testsMobile.MobileDealsMailInRebatePageTest"/>
  <testcase name="clickDealsmailInRebateMoreDealsImageTest" time="105.558" classname="com.ch.tbc.testsMobile.MobileDealsMailInRebatePageTest"/>
  <testcase name="mailInRebateShopAndSchedTest" time="90.952" classname="com.ch.tbc.testsMobile.MobileDealsMailInRebatePageTest"/>
  <testcase name="isTermsandConditionTest" time="87.087" classname="com.ch.tbc.testsMobile.MobileDealsMailInRebatePageTest"/>
  <testcase name="isDealsMailInRebateSpecialStaticTextTest" time="91.316" classname="com.ch.tbc.testsMobile.MobileDealsMailInRebatePageTest"/>
  <testcase name="isPrintOfferLinkTest" time="100.284" classname="com.ch.tbc.testsMobile.MobileDealsMailInRebatePageTest"/>
</testsuite> <!-- com.ch.tbc.testsMobile.MobileDealsMailInRebatePageTest -->
