<?xml version="1.0" encoding="UTF-8"?>
<!-- Generated by org.testng.reporters.JUnitReportReporter -->
<testsuite hostname="User-PC" name="com.ch.tbc.tests.AnnualVehicleInspectionTest" tests="7" failures="0" timestamp="10 Sep 2016 06:52:59 GMT" time="1605.110" errors="0">
  <testcase name="findAStoreButton" time="260.867" classname="com.ch.tbc.tests.AnnualVehicleInspectionTest"/>
  <testcase name="annualVehicleInspectionBreadcrumb" time="226.911" classname="com.ch.tbc.tests.AnnualVehicleInspectionTest"/>
  <testcase name="maintenanceRepairServices" time="198.704" classname="com.ch.tbc.tests.AnnualVehicleInspectionTest"/>
  <testcase name="relatedServicesLabel" time="179.460" classname="com.ch.tbc.tests.AnnualVehicleInspectionTest"/>
  <testcase name="clickLocalStoreLink" time="240.644" classname="com.ch.tbc.tests.AnnualVehicleInspectionTest"/>
  <testcase name="isStaticTextAVI" time="237.666" classname="com.ch.tbc.tests.AnnualVehicleInspectionTest"/>
  <testcase name="heroImage" time="260.858" classname="com.ch.tbc.tests.AnnualVehicleInspectionTest"/>
</testsuite> <!-- com.ch.tbc.tests.AnnualVehicleInspectionTest -->
