<?xml version="1.0" encoding="UTF-8"?>
<!-- Generated by org.testng.reporters.JUnitReportReporter -->
<testsuite hostname="abhishek" name="com.ch.tbc.tabletTest.DynamicVehicleSelectorPageTabletTest" tests="1" failures="0" timestamp="23 Feb 2017 09:56:49 GMT" time="90.374" errors="0">
  <testcase name="clickNextButtonTest" time="90.374" classname="com.ch.tbc.tabletTest.DynamicVehicleSelectorPageTabletTest"/>
</testsuite> <!-- com.ch.tbc.tabletTest.DynamicVehicleSelectorPageTabletTest -->
