<?xml version="1.0" encoding="UTF-8"?>
<!-- Generated by org.testng.reporters.JUnitReportReporter -->
<testsuite hostname="User-PC" name="com.ch.tbc.tests.SampleTest" tests="1" failures="0" timestamp="26 Sep 2016 11:20:23 GMT" time="249.461" errors="0">
  <testcase name="verifyBookAppProgessBarTest" time="249.461" classname="com.ch.tbc.tests.SampleTest"/>
</testsuite> <!-- com.ch.tbc.tests.SampleTest -->
