<?xml version="1.0" encoding="UTF-8"?>
<!-- Generated by org.testng.reporters.JUnitReportReporter -->
<testsuite hostname="user-PC" name="com.ch.tbc.testsMobile.MobileFilterTest" tests="5" failures="0" timestamp="17 Aug 2016 10:14:45 GMT" time="3167.715" errors="0">
  <testcase name="filterSearchOilchanges" time="277.270" classname="com.ch.tbc.testsMobile.MobileFilterTest"/>
  <testcase name="filterLabelsByVehicle" time="626.815" classname="com.ch.tbc.testsMobile.MobileFilterTest"/>
  <testcase name="filterSearchWheelAlign" time="935.634" classname="com.ch.tbc.testsMobile.MobileFilterTest"/>
  <testcase name="filterSearchBattery" time="986.046" classname="com.ch.tbc.testsMobile.MobileFilterTest"/>
  <testcase name="filterSearchWiperBlades" time="341.950" classname="com.ch.tbc.testsMobile.MobileFilterTest"/>
</testsuite> <!-- com.ch.tbc.testsMobile.MobileFilterTest -->
