<?xml version="1.0" encoding="UTF-8"?>
<!-- Generated by org.testng.reporters.JUnitReportReporter -->
<testsuite hostname="abhishek" name="com.ch.tbc.tests.AccountPreferencesTest" tests="7" failures="0" timestamp="11 Jan 2017 11:11:04 GMT" time="564.170" errors="0">
  <testcase name="registerWithoutOptionalFields" time="49.831" classname="com.ch.tbc.tests.AccountPreferencesTest"/>
  <testcase name="registerWithOptionalFields" time="57.549" classname="com.ch.tbc.tests.AccountPreferencesTest"/>
  <testcase name="labels" time="98.179" classname="com.ch.tbc.tests.AccountPreferencesTest"/>
  <testcase name="garageTest" time="83.887" classname="com.ch.tbc.tests.AccountPreferencesTest"/>
  <testcase name="editLinks" time="78.109" classname="com.ch.tbc.tests.AccountPreferencesTest"/>
  <testcase name="breardCrumbTest" time="99.753" classname="com.ch.tbc.tests.AccountPreferencesTest"/>
  <testcase name="isCheckBoxes" time="96.862" classname="com.ch.tbc.tests.AccountPreferencesTest"/>
</testsuite> <!-- com.ch.tbc.tests.AccountPreferencesTest -->
